1692342678110	geckodriver	INFO	Listening on 127.0.0.1:53025
1692342678117	mozrunner::runner	INFO	Running command: MOZ_CRASHREPORTER="1" MOZ_CRASHREPORTER_NO_REPORT="1" MOZ_CRASHREPORTER_SHUTDOWN="1" MOZ_NO_REMOTE="1" "/usr ... te" "--remote-debugging-port" "40577" "--remote-allow-hosts" "localhost" "-no-remote" "-profile" "/tmp/rust_mozprofileFrIUNE"
console.warn: services.settings: Ignoring preference override of remote settings server
console.warn: services.settings: Allow by setting MOZ_REMOTE_SETTINGS_DEVTOOLS=1 in the environment
ATTENTION: default value of option mesa_glthread overridden by environment.
ATTENTION: default value of option mesa_glthread overridden by environment.
ATTENTION: default value of option mesa_glthread overridden by environment.
ATTENTION: default value of option mesa_glthread overridden by environment.
1692342678790	Marionette	INFO	Marionette enabled
1692342678794	Marionette	INFO	Listening on port 39921
Read port: 39921
WebDriver BiDi listening on ws://127.0.0.1:40577
1692342678893	RemoteAgent	WARN	TLS certificate errors will be ignored for this session
console.error: ({})
[ERROR glean_core] Error setting metrics feature config: Json(Error("EOF while parsing a value", line: 1, column: 0))
DevTools listening on ws://127.0.0.1:40577/devtools/browser/be7a7698-663c-49cc-9038-e4a806610c00
[Child 14878, Main Thread] WARNING: JSWindowActorChild::SendRawMessage (Conduits, ConduitClosed) not sent: !CanSend() || !mManager || !mManager->CanSend(): file /build/firefox-DxjVTE/firefox-113.0.2+build1/dom/ipc/jsactor/JSWindowActorChild.cpp:57
[Child 14878, Main Thread] WARNING: JSWindowActorChild::SendRawMessage (Conduits, ConduitClosed) not sent: !CanSend() || !mManager || !mManager->CanSend(): file /build/firefox-DxjVTE/firefox-113.0.2+build1/dom/ipc/jsactor/JSWindowActorChild.cpp:57
[Child 14878, Main Thread] WARNING: JSWindowActorChild::SendRawMessage (Conduits, ConduitClosed) not sent: !CanSend() || !mManager || !mManager->CanSend(): file /build/firefox-DxjVTE/firefox-113.0.2+build1/dom/ipc/jsactor/JSWindowActorChild.cpp:57
[Child 14878, Main Thread] WARNING: JSWindowActorChild::SendRawMessage (Conduits, ConduitClosed) not sent: !CanSend() || !mManager || !mManager->CanSend(): file /build/firefox-DxjVTE/firefox-113.0.2+build1/dom/ipc/jsactor/JSWindowActorChild.cpp:57
[Child 14878, Main Thread] WARNING: JSWindowActorChild::SendRawMessage (Conduits, ConduitClosed) not sent: !CanSend() || !mManager || !mManager->CanSend(): file /build/firefox-DxjVTE/firefox-113.0.2+build1/dom/ipc/jsactor/JSWindowActorChild.cpp:57
[Child 14878, Main Thread] WARNING: JSWindowActorChild::SendRawMessage (Conduits, ConduitClosed) not sent: !CanSend() || !mManager || !mManager->CanSend(): file /build/firefox-DxjVTE/firefox-113.0.2+build1/dom/ipc/jsactor/JSWindowActorChild.cpp:57
[Child 14878, Main Thread] WARNING: JSWindowActorChild::SendRawMessage (Conduits, ConduitClosed) not sent: !CanSend() || !mManager || !mManager->CanSend(): file /build/firefox-DxjVTE/firefox-113.0.2+build1/dom/ipc/jsactor/JSWindowActorChild.cpp:57
[Child 14878, Main Thread] WARNING: JSWindowActorChild::SendRawMessage (Conduits, ConduitClosed) not sent: !CanSend() || !mManager || !mManager->CanSend(): file /build/firefox-DxjVTE/firefox-113.0.2+build1/dom/ipc/jsactor/JSWindowActorChild.cpp:57
1692342692358	Marionette	INFO	Stopped listening on port 39921
1692342733416	geckodriver	INFO	Listening on 127.0.0.1:55361
1692342733420	mozrunner::runner	INFO	Running command: MOZ_CRASHREPORTER="1" MOZ_CRASHREPORTER_NO_REPORT="1" MOZ_CRASHREPORTER_SHUTDOWN="1" MOZ_NO_REMOTE="1" "/usr ... te" "--remote-debugging-port" "36653" "--remote-allow-hosts" "localhost" "-no-remote" "-profile" "/tmp/rust_mozprofilevTzjGo"
console.warn: services.settings: Ignoring preference override of remote settings server
console.warn: services.settings: Allow by setting MOZ_REMOTE_SETTINGS_DEVTOOLS=1 in the environment
ATTENTION: default value of option mesa_glthread overridden by environment.
ATTENTION: default value of option mesa_glthread overridden by environment.
ATTENTION: default value of option mesa_glthread overridden by environment.
ATTENTION: default value of option mesa_glthread overridden by environment.
1692342734065	Marionette	INFO	Marionette enabled
1692342734069	Marionette	INFO	Listening on port 33839
Read port: 33839
WebDriver BiDi listening on ws://127.0.0.1:36653
1692342734160	RemoteAgent	WARN	TLS certificate errors will be ignored for this session
console.error: ({})
[ERROR glean_core] Error setting metrics feature config: Json(Error("EOF while parsing a value", line: 1, column: 0))
DevTools listening on ws://127.0.0.1:36653/devtools/browser/4e1bdb89-1e61-43c2-af7f-f8761660a581
console.warn: LoginRecipes: "Falling back to a synchronous message for: http://165.22.217.185."
console.warn: LoginRecipes: "Falling back to a synchronous message for: http://165.22.217.185."
[Child 15229, Main Thread] WARNING: JSWindowActorChild::SendRawMessage (Conduits, ConduitClosed) not sent: !CanSend() || !mManager || !mManager->CanSend(): file /build/firefox-DxjVTE/firefox-113.0.2+build1/dom/ipc/jsactor/JSWindowActorChild.cpp:57
[Child 15229, Main Thread] WARNING: JSWindowActorChild::SendRawMessage (Conduits, ConduitClosed) not sent: !CanSend() || !mManager || !mManager->CanSend(): file /build/firefox-DxjVTE/firefox-113.0.2+build1/dom/ipc/jsactor/JSWindowActorChild.cpp:57
[Child 15229, Main Thread] WARNING: JSWindowActorChild::SendRawMessage (Conduits, ConduitClosed) not sent: !CanSend() || !mManager || !mManager->CanSend(): file /build/firefox-DxjVTE/firefox-113.0.2+build1/dom/ipc/jsactor/JSWindowActorChild.cpp:57
[Child 15229, Main Thread] WARNING: JSWindowActorChild::SendRawMessage (Conduits, ConduitClosed) not sent: !CanSend() || !mManager || !mManager->CanSend(): file /build/firefox-DxjVTE/firefox-113.0.2+build1/dom/ipc/jsactor/JSWindowActorChild.cpp:57
[Child 15229, Main Thread] WARNING: JSWindowActorChild::SendRawMessage (Conduits, ConduitClosed) not sent: !CanSend() || !mManager || !mManager->CanSend(): file /build/firefox-DxjVTE/firefox-113.0.2+build1/dom/ipc/jsactor/JSWindowActorChild.cpp:57
[Child 15229, Main Thread] WARNING: JSWindowActorChild::SendRawMessage (Conduits, ConduitClosed) not sent: !CanSend() || !mManager || !mManager->CanSend(): file /build/firefox-DxjVTE/firefox-113.0.2+build1/dom/ipc/jsactor/JSWindowActorChild.cpp:57
[Child 15229, Main Thread] WARNING: JSWindowActorChild::SendRawMessage (Conduits, ConduitClosed) not sent: !CanSend() || !mManager || !mManager->CanSend(): file /build/firefox-DxjVTE/firefox-113.0.2+build1/dom/ipc/jsactor/JSWindowActorChild.cpp:57
[Child 15229, Main Thread] WARNING: JSWindowActorChild::SendRawMessage (Conduits, ConduitClosed) not sent: !CanSend() || !mManager || !mManager->CanSend(): file /build/firefox-DxjVTE/firefox-113.0.2+build1/dom/ipc/jsactor/JSWindowActorChild.cpp:57
1692342745401	Marionette	INFO	Stopped listening on port 33839
1692342775220	geckodriver	INFO	Listening on 127.0.0.1:55317
1692342775224	mozrunner::runner	INFO	Running command: MOZ_CRASHREPORTER="1" MOZ_CRASHREPORTER_NO_REPORT="1" MOZ_CRASHREPORTER_SHUTDOWN="1" MOZ_NO_REMOTE="1" "/usr ... te" "--remote-debugging-port" "32895" "--remote-allow-hosts" "localhost" "-no-remote" "-profile" "/tmp/rust_mozprofileYxpoAu"
console.warn: services.settings: Ignoring preference override of remote settings server
console.warn: services.settings: Allow by setting MOZ_REMOTE_SETTINGS_DEVTOOLS=1 in the environment
ATTENTION: default value of option mesa_glthread overridden by environment.
ATTENTION: default value of option mesa_glthread overridden by environment.
ATTENTION: default value of option mesa_glthread overridden by environment.
ATTENTION: default value of option mesa_glthread overridden by environment.
1692342775814	Marionette	INFO	Marionette enabled
1692342775817	Marionette	INFO	Listening on port 37749
Read port: 37749
WebDriver BiDi listening on ws://127.0.0.1:32895
1692342775910	RemoteAgent	WARN	TLS certificate errors will be ignored for this session
console.error: ({})
[ERROR glean_core] Error setting metrics feature config: Json(Error("EOF while parsing a value", line: 1, column: 0))
DevTools listening on ws://127.0.0.1:32895/devtools/browser/e725a4e4-ef49-46c1-bcb5-234a9d74e55b
console.warn: LoginRecipes: "Falling back to a synchronous message for: http://165.22.217.185."
console.warn: LoginRecipes: "Falling back to a synchronous message for: http://165.22.217.185."
1692342783276	Marionette	INFO	Stopped listening on port 37749
[Child 15562, Main Thread] WARNING: JSWindowActorChild::SendRawMessage (Conduits, ConduitClosed) not sent: !CanSend() || !mManager || !mManager->CanSend(): file /build/firefox-DxjVTE/firefox-113.0.2+build1/dom/ipc/jsactor/JSWindowActorChild.cpp:57
[Child 15562, Main Thread] WARNING: JSWindowActorChild::SendRawMessage (Conduits, ConduitClosed) not sent: !CanSend() || !mManager || !mManager->CanSend(): file /build/firefox-DxjVTE/firefox-113.0.2+build1/dom/ipc/jsactor/JSWindowActorChild.cpp:57
[Child 15562, Main Thread] WARNING: JSWindowActorChild::SendRawMessage (Conduits, ConduitClosed) not sent: !CanSend() || !mManager || !mManager->CanSend(): file /build/firefox-DxjVTE/firefox-113.0.2+build1/dom/ipc/jsactor/JSWindowActorChild.cpp:57
[Child 15562, Main Thread] WARNING: JSWindowActorChild::SendRawMessage (Conduits, ConduitClosed) not sent: !CanSend() || !mManager || !mManager->CanSend(): file /build/firefox-DxjVTE/firefox-113.0.2+build1/dom/ipc/jsactor/JSWindowActorChild.cpp:57
[Child 15562, Main Thread] WARNING: JSWindowActorChild::SendRawMessage (Conduits, ConduitClosed) not sent: !CanSend() || !mManager || !mManager->CanSend(): file /build/firefox-DxjVTE/firefox-113.0.2+build1/dom/ipc/jsactor/JSWindowActorChild.cpp:57
[Child 15562, Main Thread] WARNING: JSWindowActorChild::SendRawMessage (Conduits, ConduitClosed) not sent: !CanSend() || !mManager || !mManager->CanSend(): file /build/firefox-DxjVTE/firefox-113.0.2+build1/dom/ipc/jsactor/JSWindowActorChild.cpp:57
[Child 15562, Main Thread] WARNING: JSWindowActorChild::SendRawMessage (Conduits, ConduitClosed) not sent: !CanSend() || !mManager || !mManager->CanSend(): file /build/firefox-DxjVTE/firefox-113.0.2+build1/dom/ipc/jsactor/JSWindowActorChild.cpp:57
[Child 15562, Main Thread] WARNING: JSWindowActorChild::SendRawMessage (Conduits, ConduitClosed) not sent: !CanSend() || !mManager || !mManager->CanSend(): file /build/firefox-DxjVTE/firefox-113.0.2+build1/dom/ipc/jsactor/JSWindowActorChild.cpp:57
1692342848768	geckodriver	INFO	Listening on 127.0.0.1:59543
1692342848772	mozrunner::runner	INFO	Running command: MOZ_CRASHREPORTER="1" MOZ_CRASHREPORTER_NO_REPORT="1" MOZ_CRASHREPORTER_SHUTDOWN="1" MOZ_NO_REMOTE="1" "/usr ... te" "--remote-debugging-port" "55405" "--remote-allow-hosts" "localhost" "-no-remote" "-profile" "/tmp/rust_mozprofilew0SuB8"
console.warn: services.settings: Ignoring preference override of remote settings server
console.warn: services.settings: Allow by setting MOZ_REMOTE_SETTINGS_DEVTOOLS=1 in the environment
ATTENTION: default value of option mesa_glthread overridden by environment.
ATTENTION: default value of option mesa_glthread overridden by environment.
ATTENTION: default value of option mesa_glthread overridden by environment.
ATTENTION: default value of option mesa_glthread overridden by environment.
1692342849379	Marionette	INFO	Marionette enabled
1692342849383	Marionette	INFO	Listening on port 40055
WebDriver BiDi listening on ws://127.0.0.1:55405
Read port: 40055
1692342849610	RemoteAgent	WARN	TLS certificate errors will be ignored for this session
console.error: ({})
[ERROR glean_core] Error setting metrics feature config: Json(Error("EOF while parsing a value", line: 1, column: 0))
DevTools listening on ws://127.0.0.1:55405/devtools/browser/feb39d54-0ad7-44c1-bcd1-3bd9b73a3208
console.warn: LoginRecipes: "Falling back to a synchronous message for: http://165.22.217.185."
console.warn: LoginRecipes: "Falling back to a synchronous message for: http://165.22.217.185."
1692342856717	Marionette	INFO	Stopped listening on port 40055
[Child 16166, Main Thread] WARNING: JSWindowActorChild::SendRawMessage (Conduits, ConduitClosed) not sent: !CanSend() || !mManager || !mManager->CanSend(): file /build/firefox-DxjVTE/firefox-113.0.2+build1/dom/ipc/jsactor/JSWindowActorChild.cpp:57
[Child 16166, Main Thread] WARNING: JSWindowActorChild::SendRawMessage (Conduits, ConduitClosed) not sent: !CanSend() || !mManager || !mManager->CanSend(): file /build/firefox-DxjVTE/firefox-113.0.2+build1/dom/ipc/jsactor/JSWindowActorChild.cpp:57
[Child 16166, Main Thread] WARNING: JSWindowActorChild::SendRawMessage (Conduits, ConduitClosed) not sent: !CanSend() || !mManager || !mManager->CanSend(): file /build/firefox-DxjVTE/firefox-113.0.2+build1/dom/ipc/jsactor/JSWindowActorChild.cpp:57
[Child 16166, Main Thread] WARNING: JSWindowActorChild::SendRawMessage (Conduits, ConduitClosed) not sent: !CanSend() || !mManager || !mManager->CanSend(): file /build/firefox-DxjVTE/firefox-113.0.2+build1/dom/ipc/jsactor/JSWindowActorChild.cpp:57
[Child 16166, Main Thread] WARNING: JSWindowActorChild::SendRawMessage (Conduits, ConduitClosed) not sent: !CanSend() || !mManager || !mManager->CanSend(): file /build/firefox-DxjVTE/firefox-113.0.2+build1/dom/ipc/jsactor/JSWindowActorChild.cpp:57
[Child 16166, Main Thread] WARNING: JSWindowActorChild::SendRawMessage (Conduits, ConduitClosed) not sent: !CanSend() || !mManager || !mManager->CanSend(): file /build/firefox-DxjVTE/firefox-113.0.2+build1/dom/ipc/jsactor/JSWindowActorChild.cpp:57
[Child 16166, Main Thread] WARNING: JSWindowActorChild::SendRawMessage (Conduits, ConduitClosed) not sent: !CanSend() || !mManager || !mManager->CanSend(): file /build/firefox-DxjVTE/firefox-113.0.2+build1/dom/ipc/jsactor/JSWindowActorChild.cpp:57
[Child 16166, Main Thread] WARNING: JSWindowActorChild::SendRawMessage (Conduits, ConduitClosed) not sent: !CanSend() || !mManager || !mManager->CanSend(): file /build/firefox-DxjVTE/firefox-113.0.2+build1/dom/ipc/jsactor/JSWindowActorChild.cpp:57
1692342885416	geckodriver	INFO	Listening on 127.0.0.1:47773
1692342885420	mozrunner::runner	INFO	Running command: MOZ_CRASHREPORTER="1" MOZ_CRASHREPORTER_NO_REPORT="1" MOZ_CRASHREPORTER_SHUTDOWN="1" MOZ_NO_REMOTE="1" "/usr ... te" "--remote-debugging-port" "37197" "--remote-allow-hosts" "localhost" "-no-remote" "-profile" "/tmp/rust_mozprofileRLTxkJ"
console.warn: services.settings: Ignoring preference override of remote settings server
console.warn: services.settings: Allow by setting MOZ_REMOTE_SETTINGS_DEVTOOLS=1 in the environment
ATTENTION: default value of option mesa_glthread overridden by environment.
ATTENTION: default value of option mesa_glthread overridden by environment.
ATTENTION: default value of option mesa_glthread overridden by environment.
ATTENTION: default value of option mesa_glthread overridden by environment.
1692342886032	Marionette	INFO	Marionette enabled
1692342886035	Marionette	INFO	Listening on port 37031
WebDriver BiDi listening on ws://127.0.0.1:37197
Read port: 37031
1692342886272	RemoteAgent	WARN	TLS certificate errors will be ignored for this session
console.error: ({})
[ERROR glean_core] Error setting metrics feature config: Json(Error("EOF while parsing a value", line: 1, column: 0))
DevTools listening on ws://127.0.0.1:37197/devtools/browser/c813283f-a752-4bfc-a6af-255c1361bb69
console.warn: LoginRecipes: "Falling back to a synchronous message for: http://165.22.217.185."
1692342893744	Marionette	INFO	Stopped listening on port 37031
[Child 16483, Main Thread] WARNING: JSWindowActorChild::SendRawMessage (Conduits, ConduitClosed) not sent: !CanSend() || !mManager || !mManager->CanSend(): file /build/firefox-DxjVTE/firefox-113.0.2+build1/dom/ipc/jsactor/JSWindowActorChild.cpp:57
[Child 16483, Main Thread] WARNING: JSWindowActorChild::SendRawMessage (Conduits, ConduitClosed) not sent: !CanSend() || !mManager || !mManager->CanSend(): file /build/firefox-DxjVTE/firefox-113.0.2+build1/dom/ipc/jsactor/JSWindowActorChild.cpp:57
[Child 16483, Main Thread] WARNING: JSWindowActorChild::SendRawMessage (Conduits, ConduitClosed) not sent: !CanSend() || !mManager || !mManager->CanSend(): file /build/firefox-DxjVTE/firefox-113.0.2+build1/dom/ipc/jsactor/JSWindowActorChild.cpp:57
[Child 16483, Main Thread] WARNING: JSWindowActorChild::SendRawMessage (Conduits, ConduitClosed) not sent: !CanSend() || !mManager || !mManager->CanSend(): file /build/firefox-DxjVTE/firefox-113.0.2+build1/dom/ipc/jsactor/JSWindowActorChild.cpp:57
[Child 16483, Main Thread] WARNING: JSWindowActorChild::SendRawMessage (Conduits, ConduitClosed) not sent: !CanSend() || !mManager || !mManager->CanSend(): file /build/firefox-DxjVTE/firefox-113.0.2+build1/dom/ipc/jsactor/JSWindowActorChild.cpp:57
[Child 16483, Main Thread] WARNING: JSWindowActorChild::SendRawMessage (Conduits, ConduitClosed) not sent: !CanSend() || !mManager || !mManager->CanSend(): file /build/firefox-DxjVTE/firefox-113.0.2+build1/dom/ipc/jsactor/JSWindowActorChild.cpp:57
[Child 16483, Main Thread] WARNING: JSWindowActorChild::SendRawMessage (Conduits, ConduitClosed) not sent: !CanSend() || !mManager || !mManager->CanSend(): file /build/firefox-DxjVTE/firefox-113.0.2+build1/dom/ipc/jsactor/JSWindowActorChild.cpp:57
[Child 16483, Main Thread] WARNING: JSWindowActorChild::SendRawMessage (Conduits, ConduitClosed) not sent: !CanSend() || !mManager || !mManager->CanSend(): file /build/firefox-DxjVTE/firefox-113.0.2+build1/dom/ipc/jsactor/JSWindowActorChild.cpp:57
1692342939092	geckodriver	INFO	Listening on 127.0.0.1:40627
1692342939096	mozrunner::runner	INFO	Running command: MOZ_CRASHREPORTER="1" MOZ_CRASHREPORTER_NO_REPORT="1" MOZ_CRASHREPORTER_SHUTDOWN="1" MOZ_NO_REMOTE="1" "/usr ... te" "--remote-debugging-port" "52735" "--remote-allow-hosts" "localhost" "-no-remote" "-profile" "/tmp/rust_mozprofile3K7qyQ"
console.warn: services.settings: Ignoring preference override of remote settings server
console.warn: services.settings: Allow by setting MOZ_REMOTE_SETTINGS_DEVTOOLS=1 in the environment
ATTENTION: default value of option mesa_glthread overridden by environment.
ATTENTION: default value of option mesa_glthread overridden by environment.
ATTENTION: default value of option mesa_glthread overridden by environment.
ATTENTION: default value of option mesa_glthread overridden by environment.
1692342939706	Marionette	INFO	Marionette enabled
1692342939710	Marionette	INFO	Listening on port 46683
WebDriver BiDi listening on ws://127.0.0.1:52735
Read port: 46683
1692342939936	RemoteAgent	WARN	TLS certificate errors will be ignored for this session
console.error: ({})
[ERROR glean_core] Error setting metrics feature config: Json(Error("EOF while parsing a value", line: 1, column: 0))
DevTools listening on ws://127.0.0.1:52735/devtools/browser/225346d7-5b12-4343-b8a8-f5bc835643d4
console.warn: LoginRecipes: "Falling back to a synchronous message for: http://165.22.217.185."
console.warn: LoginRecipes: "Falling back to a synchronous message for: http://165.22.217.185."
1692342949273	Marionette	INFO	Stopped listening on port 46683
[Child 16811, Main Thread] WARNING: JSWindowActorChild::SendRawMessage (Conduits, ConduitClosed) not sent: !CanSend() || !mManager || !mManager->CanSend(): file /build/firefox-DxjVTE/firefox-113.0.2+build1/dom/ipc/jsactor/JSWindowActorChild.cpp:57
[Child 16811, Main Thread] WARNING: JSWindowActorChild::SendRawMessage (Conduits, ConduitClosed) not sent: !CanSend() || !mManager || !mManager->CanSend(): file /build/firefox-DxjVTE/firefox-113.0.2+build1/dom/ipc/jsactor/JSWindowActorChild.cpp:57
[Child 16811, Main Thread] WARNING: JSWindowActorChild::SendRawMessage (Conduits, ConduitClosed) not sent: !CanSend() || !mManager || !mManager->CanSend(): file /build/firefox-DxjVTE/firefox-113.0.2+build1/dom/ipc/jsactor/JSWindowActorChild.cpp:57
[Child 16811, Main Thread] WARNING: JSWindowActorChild::SendRawMessage (Conduits, ConduitClosed) not sent: !CanSend() || !mManager || !mManager->CanSend(): file /build/firefox-DxjVTE/firefox-113.0.2+build1/dom/ipc/jsactor/JSWindowActorChild.cpp:57
[Child 16811, Main Thread] WARNING: JSWindowActorChild::SendRawMessage (Conduits, ConduitClosed) not sent: !CanSend() || !mManager || !mManager->CanSend(): file /build/firefox-DxjVTE/firefox-113.0.2+build1/dom/ipc/jsactor/JSWindowActorChild.cpp:57
[Child 16811, Main Thread] WARNING: JSWindowActorChild::SendRawMessage (Conduits, ConduitClosed) not sent: !CanSend() || !mManager || !mManager->CanSend(): file /build/firefox-DxjVTE/firefox-113.0.2+build1/dom/ipc/jsactor/JSWindowActorChild.cpp:57
[Child 16811, Main Thread] WARNING: JSWindowActorChild::SendRawMessage (Conduits, ConduitClosed) not sent: !CanSend() || !mManager || !mManager->CanSend(): file /build/firefox-DxjVTE/firefox-113.0.2+build1/dom/ipc/jsactor/JSWindowActorChild.cpp:57
[Child 16811, Main Thread] WARNING: JSWindowActorChild::SendRawMessage (Conduits, ConduitClosed) not sent: !CanSend() || !mManager || !mManager->CanSend(): file /build/firefox-DxjVTE/firefox-113.0.2+build1/dom/ipc/jsactor/JSWindowActorChild.cpp:57
1692343034032	geckodriver	INFO	Listening on 127.0.0.1:46415
1692343034036	mozrunner::runner	INFO	Running command: MOZ_CRASHREPORTER="1" MOZ_CRASHREPORTER_NO_REPORT="1" MOZ_CRASHREPORTER_SHUTDOWN="1" MOZ_NO_REMOTE="1" "/usr ... te" "--remote-debugging-port" "49035" "--remote-allow-hosts" "localhost" "-no-remote" "-profile" "/tmp/rust_mozprofile2484PQ"
console.warn: services.settings: Ignoring preference override of remote settings server
console.warn: services.settings: Allow by setting MOZ_REMOTE_SETTINGS_DEVTOOLS=1 in the environment
ATTENTION: default value of option mesa_glthread overridden by environment.
ATTENTION: default value of option mesa_glthread overridden by environment.
ATTENTION: default value of option mesa_glthread overridden by environment.
ATTENTION: default value of option mesa_glthread overridden by environment.
1692343034657	Marionette	INFO	Marionette enabled
1692343034660	Marionette	INFO	Listening on port 39031
WebDriver BiDi listening on ws://127.0.0.1:49035
Read port: 39031
1692343034845	RemoteAgent	WARN	TLS certificate errors will be ignored for this session
console.error: ({})
[ERROR glean_core] Error setting metrics feature config: Json(Error("EOF while parsing a value", line: 1, column: 0))
DevTools listening on ws://127.0.0.1:49035/devtools/browser/6d58e601-6d8e-429a-b4af-bd38282f74fe
console.warn: LoginRecipes: "Falling back to a synchronous message for: http://165.22.217.185."
console.warn: LoginRecipes: "Falling back to a synchronous message for: http://165.22.217.185."
1692343045051	Marionette	INFO	Stopped listening on port 39031
[Child 17151, Main Thread] WARNING: JSWindowActorChild::SendRawMessage (Conduits, ConduitClosed) not sent: !CanSend() || !mManager || !mManager->CanSend(): file /build/firefox-DxjVTE/firefox-113.0.2+build1/dom/ipc/jsactor/JSWindowActorChild.cpp:57
[Child 17151, Main Thread] WARNING: JSWindowActorChild::SendRawMessage (Conduits, ConduitClosed) not sent: !CanSend() || !mManager || !mManager->CanSend(): file /build/firefox-DxjVTE/firefox-113.0.2+build1/dom/ipc/jsactor/JSWindowActorChild.cpp:57
[Child 17151, Main Thread] WARNING: JSWindowActorChild::SendRawMessage (Conduits, ConduitClosed) not sent: !CanSend() || !mManager || !mManager->CanSend(): file /build/firefox-DxjVTE/firefox-113.0.2+build1/dom/ipc/jsactor/JSWindowActorChild.cpp:57
[Child 17151, Main Thread] WARNING: JSWindowActorChild::SendRawMessage (Conduits, ConduitClosed) not sent: !CanSend() || !mManager || !mManager->CanSend(): file /build/firefox-DxjVTE/firefox-113.0.2+build1/dom/ipc/jsactor/JSWindowActorChild.cpp:57
[Child 17151, Main Thread] WARNING: JSWindowActorChild::SendRawMessage (Conduits, ConduitClosed) not sent: !CanSend() || !mManager || !mManager->CanSend(): file /build/firefox-DxjVTE/firefox-113.0.2+build1/dom/ipc/jsactor/JSWindowActorChild.cpp:57
[Child 17151, Main Thread] WARNING: JSWindowActorChild::SendRawMessage (Conduits, ConduitClosed) not sent: !CanSend() || !mManager || !mManager->CanSend(): file /build/firefox-DxjVTE/firefox-113.0.2+build1/dom/ipc/jsactor/JSWindowActorChild.cpp:57
[Child 17151, Main Thread] WARNING: JSWindowActorChild::SendRawMessage (Conduits, ConduitClosed) not sent: !CanSend() || !mManager || !mManager->CanSend(): file /build/firefox-DxjVTE/firefox-113.0.2+build1/dom/ipc/jsactor/JSWindowActorChild.cpp:57
[Child 17151, Main Thread] WARNING: JSWindowActorChild::SendRawMessage (Conduits, ConduitClosed) not sent: !CanSend() || !mManager || !mManager->CanSend(): file /build/firefox-DxjVTE/firefox-113.0.2+build1/dom/ipc/jsactor/JSWindowActorChild.cpp:57
1692343065112	geckodriver	INFO	Listening on 127.0.0.1:60553
1692343065116	mozrunner::runner	INFO	Running command: MOZ_CRASHREPORTER="1" MOZ_CRASHREPORTER_NO_REPORT="1" MOZ_CRASHREPORTER_SHUTDOWN="1" MOZ_NO_REMOTE="1" "/usr ... te" "--remote-debugging-port" "52477" "--remote-allow-hosts" "localhost" "-no-remote" "-profile" "/tmp/rust_mozprofilezOhRXc"
console.warn: services.settings: Ignoring preference override of remote settings server
console.warn: services.settings: Allow by setting MOZ_REMOTE_SETTINGS_DEVTOOLS=1 in the environment
ATTENTION: default value of option mesa_glthread overridden by environment.
ATTENTION: default value of option mesa_glthread overridden by environment.
ATTENTION: default value of option mesa_glthread overridden by environment.
ATTENTION: default value of option mesa_glthread overridden by environment.
1692343065732	Marionette	INFO	Marionette enabled
1692343065736	Marionette	INFO	Listening on port 33995
WebDriver BiDi listening on ws://127.0.0.1:52477
Read port: 33995
1692343065963	RemoteAgent	WARN	TLS certificate errors will be ignored for this session
console.error: ({})
[ERROR glean_core] Error setting metrics feature config: Json(Error("EOF while parsing a value", line: 1, column: 0))
DevTools listening on ws://127.0.0.1:52477/devtools/browser/39af62ce-7c51-41a8-8f51-d6beb8327964
console.warn: LoginRecipes: "Falling back to a synchronous message for: http://165.22.217.185."
console.warn: LoginRecipes: "Falling back to a synchronous message for: http://165.22.217.185."
1692343075284	Marionette	INFO	Stopped listening on port 33995
[Child 17478, Main Thread] WARNING: JSWindowActorChild::SendRawMessage (Conduits, ConduitClosed) not sent: !CanSend() || !mManager || !mManager->CanSend(): file /build/firefox-DxjVTE/firefox-113.0.2+build1/dom/ipc/jsactor/JSWindowActorChild.cpp:57
[Child 17478, Main Thread] WARNING: JSWindowActorChild::SendRawMessage (Conduits, ConduitClosed) not sent: !CanSend() || !mManager || !mManager->CanSend(): file /build/firefox-DxjVTE/firefox-113.0.2+build1/dom/ipc/jsactor/JSWindowActorChild.cpp:57
[Child 17478, Main Thread] WARNING: JSWindowActorChild::SendRawMessage (Conduits, ConduitClosed) not sent: !CanSend() || !mManager || !mManager->CanSend(): file /build/firefox-DxjVTE/firefox-113.0.2+build1/dom/ipc/jsactor/JSWindowActorChild.cpp:57
[Child 17478, Main Thread] WARNING: JSWindowActorChild::SendRawMessage (Conduits, ConduitClosed) not sent: !CanSend() || !mManager || !mManager->CanSend(): file /build/firefox-DxjVTE/firefox-113.0.2+build1/dom/ipc/jsactor/JSWindowActorChild.cpp:57
[Child 17478, Main Thread] WARNING: JSWindowActorChild::SendRawMessage (Conduits, ConduitClosed) not sent: !CanSend() || !mManager || !mManager->CanSend(): file /build/firefox-DxjVTE/firefox-113.0.2+build1/dom/ipc/jsactor/JSWindowActorChild.cpp:57
[Child 17478, Main Thread] WARNING: JSWindowActorChild::SendRawMessage (Conduits, ConduitClosed) not sent: !CanSend() || !mManager || !mManager->CanSend(): file /build/firefox-DxjVTE/firefox-113.0.2+build1/dom/ipc/jsactor/JSWindowActorChild.cpp:57
[Child 17478, Main Thread] WARNING: JSWindowActorChild::SendRawMessage (Conduits, ConduitClosed) not sent: !CanSend() || !mManager || !mManager->CanSend(): file /build/firefox-DxjVTE/firefox-113.0.2+build1/dom/ipc/jsactor/JSWindowActorChild.cpp:57
[Child 17478, Main Thread] WARNING: JSWindowActorChild::SendRawMessage (Conduits, ConduitClosed) not sent: !CanSend() || !mManager || !mManager->CanSend(): file /build/firefox-DxjVTE/firefox-113.0.2+build1/dom/ipc/jsactor/JSWindowActorChild.cpp:57
1692350800380	geckodriver	INFO	Listening on 127.0.0.1:60763
1692350800384	mozrunner::runner	INFO	Running command: MOZ_CRASHREPORTER="1" MOZ_CRASHREPORTER_NO_REPORT="1" MOZ_CRASHREPORTER_SHUTDOWN="1" MOZ_NO_REMOTE="1" "/usr ... te" "--remote-debugging-port" "36957" "--remote-allow-hosts" "localhost" "-no-remote" "-profile" "/tmp/rust_mozprofilerofPec"
console.warn: services.settings: Ignoring preference override of remote settings server
console.warn: services.settings: Allow by setting MOZ_REMOTE_SETTINGS_DEVTOOLS=1 in the environment
ATTENTION: default value of option mesa_glthread overridden by environment.
ATTENTION: default value of option mesa_glthread overridden by environment.
ATTENTION: default value of option mesa_glthread overridden by environment.
ATTENTION: default value of option mesa_glthread overridden by environment.
1692350800972	Marionette	INFO	Marionette enabled
1692350800976	Marionette	INFO	Listening on port 36171
Read port: 36171
WebDriver BiDi listening on ws://127.0.0.1:36957
1692350801067	RemoteAgent	WARN	TLS certificate errors will be ignored for this session
console.error: ({})
[ERROR glean_core] Error setting metrics feature config: Json(Error("EOF while parsing a value", line: 1, column: 0))
DevTools listening on ws://127.0.0.1:36957/devtools/browser/bfa68d38-59d8-4967-9884-1fdb7519209e
[Child 2970, Main Thread] WARNING: JSWindowActorChild::SendRawMessage (Conduits, ConduitClosed) not sent: !CanSend() || !mManager || !mManager->CanSend(): file /build/firefox-DxjVTE/firefox-113.0.2+build1/dom/ipc/jsactor/JSWindowActorChild.cpp:57
[Child 2970, Main Thread] WARNING: JSWindowActorChild::SendRawMessage (Conduits, ConduitClosed) not sent: !CanSend() || !mManager || !mManager->CanSend(): file /build/firefox-DxjVTE/firefox-113.0.2+build1/dom/ipc/jsactor/JSWindowActorChild.cpp:57
[Child 2970, Main Thread] WARNING: JSWindowActorChild::SendRawMessage (Conduits, ConduitClosed) not sent: !CanSend() || !mManager || !mManager->CanSend(): file /build/firefox-DxjVTE/firefox-113.0.2+build1/dom/ipc/jsactor/JSWindowActorChild.cpp:57
[Child 2970, Main Thread] WARNING: JSWindowActorChild::SendRawMessage (Conduits, ConduitClosed) not sent: !CanSend() || !mManager || !mManager->CanSend(): file /build/firefox-DxjVTE/firefox-113.0.2+build1/dom/ipc/jsactor/JSWindowActorChild.cpp:57
[Child 2970, Main Thread] WARNING: JSWindowActorChild::SendRawMessage (Conduits, ConduitClosed) not sent: !CanSend() || !mManager || !mManager->CanSend(): file /build/firefox-DxjVTE/firefox-113.0.2+build1/dom/ipc/jsactor/JSWindowActorChild.cpp:57
[Child 2970, Main Thread] WARNING: JSWindowActorChild::SendRawMessage (Conduits, ConduitClosed) not sent: !CanSend() || !mManager || !mManager->CanSend(): file /build/firefox-DxjVTE/firefox-113.0.2+build1/dom/ipc/jsactor/JSWindowActorChild.cpp:57
[Child 2970, Main Thread] WARNING: JSWindowActorChild::SendRawMessage (Conduits, ConduitClosed) not sent: !CanSend() || !mManager || !mManager->CanSend(): file /build/firefox-DxjVTE/firefox-113.0.2+build1/dom/ipc/jsactor/JSWindowActorChild.cpp:57
[Child 2970, Main Thread] WARNING: JSWindowActorChild::SendRawMessage (Conduits, ConduitClosed) not sent: !CanSend() || !mManager || !mManager->CanSend(): file /build/firefox-DxjVTE/firefox-113.0.2+build1/dom/ipc/jsactor/JSWindowActorChild.cpp:57
1692350811352	Marionette	INFO	Stopped listening on port 36171
console.error: (new AbortError("IndexedDB: main/url-classifier-skip-urls list() IndexedDB:  execute() A request was aborted, for example through a call to IDBTransaction.abort.", "resource://services-settings/IDBHelpers.jsm", 18))
1692350829221	geckodriver	INFO	Listening on 127.0.0.1:44033
1692350829225	mozrunner::runner	INFO	Running command: MOZ_CRASHREPORTER="1" MOZ_CRASHREPORTER_NO_REPORT="1" MOZ_CRASHREPORTER_SHUTDOWN="1" MOZ_NO_REMOTE="1" "/usr ... te" "--remote-debugging-port" "58631" "--remote-allow-hosts" "localhost" "-no-remote" "-profile" "/tmp/rust_mozprofileDXtva6"
console.warn: services.settings: Ignoring preference override of remote settings server
console.warn: services.settings: Allow by setting MOZ_REMOTE_SETTINGS_DEVTOOLS=1 in the environment
ATTENTION: default value of option mesa_glthread overridden by environment.
ATTENTION: default value of option mesa_glthread overridden by environment.
ATTENTION: default value of option mesa_glthread overridden by environment.
ATTENTION: default value of option mesa_glthread overridden by environment.
1692350829853	Marionette	INFO	Marionette enabled
1692350829856	Marionette	INFO	Listening on port 37215
Read port: 37215
WebDriver BiDi listening on ws://127.0.0.1:58631
1692350829966	RemoteAgent	WARN	TLS certificate errors will be ignored for this session
console.error: ({})
[ERROR glean_core] Error setting metrics feature config: Json(Error("EOF while parsing a value", line: 1, column: 0))
DevTools listening on ws://127.0.0.1:58631/devtools/browser/b7d98b05-8dc8-4115-9a76-fbed7ed37d45
console.warn: LoginRecipes: "Falling back to a synchronous message for: http://165.22.217.185."
1692350839612	Marionette	INFO	Stopped listening on port 37215
[Child 3269, Main Thread] WARNING: JSWindowActorChild::SendRawMessage (Conduits, ConduitClosed) not sent: !CanSend() || !mManager || !mManager->CanSend(): file /build/firefox-DxjVTE/firefox-113.0.2+build1/dom/ipc/jsactor/JSWindowActorChild.cpp:57
[Child 3269, Main Thread] WARNING: JSWindowActorChild::SendRawMessage (Conduits, ConduitClosed) not sent: !CanSend() || !mManager || !mManager->CanSend(): file /build/firefox-DxjVTE/firefox-113.0.2+build1/dom/ipc/jsactor/JSWindowActorChild.cpp:57
[Child 3269, Main Thread] WARNING: JSWindowActorChild::SendRawMessage (Conduits, ConduitClosed) not sent: !CanSend() || !mManager || !mManager->CanSend(): file /build/firefox-DxjVTE/firefox-113.0.2+build1/dom/ipc/jsactor/JSWindowActorChild.cpp:57
[Child 3269, Main Thread] WARNING: JSWindowActorChild::SendRawMessage (Conduits, ConduitClosed) not sent: !CanSend() || !mManager || !mManager->CanSend(): file /build/firefox-DxjVTE/firefox-113.0.2+build1/dom/ipc/jsactor/JSWindowActorChild.cpp:57
[Child 3269, Main Thread] WARNING: JSWindowActorChild::SendRawMessage (Conduits, ConduitClosed) not sent: !CanSend() || !mManager || !mManager->CanSend(): file /build/firefox-DxjVTE/firefox-113.0.2+build1/dom/ipc/jsactor/JSWindowActorChild.cpp:57
[Child 3269, Main Thread] WARNING: JSWindowActorChild::SendRawMessage (Conduits, ConduitClosed) not sent: !CanSend() || !mManager || !mManager->CanSend(): file /build/firefox-DxjVTE/firefox-113.0.2+build1/dom/ipc/jsactor/JSWindowActorChild.cpp:57
[Child 3269, Main Thread] WARNING: JSWindowActorChild::SendRawMessage (Conduits, ConduitClosed) not sent: !CanSend() || !mManager || !mManager->CanSend(): file /build/firefox-DxjVTE/firefox-113.0.2+build1/dom/ipc/jsactor/JSWindowActorChild.cpp:57
[Child 3269, Main Thread] WARNING: JSWindowActorChild::SendRawMessage (Conduits, ConduitClosed) not sent: !CanSend() || !mManager || !mManager->CanSend(): file /build/firefox-DxjVTE/firefox-113.0.2+build1/dom/ipc/jsactor/JSWindowActorChild.cpp:57
1692350862796	geckodriver	INFO	Listening on 127.0.0.1:55673
1692350862800	mozrunner::runner	INFO	Running command: MOZ_CRASHREPORTER="1" MOZ_CRASHREPORTER_NO_REPORT="1" MOZ_CRASHREPORTER_SHUTDOWN="1" MOZ_NO_REMOTE="1" "/usr ... te" "--remote-debugging-port" "56457" "--remote-allow-hosts" "localhost" "-no-remote" "-profile" "/tmp/rust_mozprofileJW6LL3"
console.warn: services.settings: Ignoring preference override of remote settings server
console.warn: services.settings: Allow by setting MOZ_REMOTE_SETTINGS_DEVTOOLS=1 in the environment
ATTENTION: default value of option mesa_glthread overridden by environment.
ATTENTION: default value of option mesa_glthread overridden by environment.
ATTENTION: default value of option mesa_glthread overridden by environment.
ATTENTION: default value of option mesa_glthread overridden by environment.
1692350863353	Marionette	INFO	Marionette enabled
1692350863357	Marionette	INFO	Listening on port 44311
Read port: 44311
WebDriver BiDi listening on ws://127.0.0.1:56457
1692350863452	RemoteAgent	WARN	TLS certificate errors will be ignored for this session
console.error: ({})
[ERROR glean_core] Error setting metrics feature config: Json(Error("EOF while parsing a value", line: 1, column: 0))
DevTools listening on ws://127.0.0.1:56457/devtools/browser/85eae633-f626-4279-94b3-475aa0e94c64
console.warn: LoginRecipes: "Falling back to a synchronous message for: http://165.22.217.185."
1692350872452	Marionette	INFO	Stopped listening on port 44311
[Child 3599, Main Thread] WARNING: JSWindowActorChild::SendRawMessage (Conduits, ConduitClosed) not sent: !CanSend() || !mManager || !mManager->CanSend(): file /build/firefox-DxjVTE/firefox-113.0.2+build1/dom/ipc/jsactor/JSWindowActorChild.cpp:57
[Child 3599, Main Thread] WARNING: JSWindowActorChild::SendRawMessage (Conduits, ConduitClosed) not sent: !CanSend() || !mManager || !mManager->CanSend(): file /build/firefox-DxjVTE/firefox-113.0.2+build1/dom/ipc/jsactor/JSWindowActorChild.cpp:57
[Child 3599, Main Thread] WARNING: JSWindowActorChild::SendRawMessage (Conduits, ConduitClosed) not sent: !CanSend() || !mManager || !mManager->CanSend(): file /build/firefox-DxjVTE/firefox-113.0.2+build1/dom/ipc/jsactor/JSWindowActorChild.cpp:57
[Child 3599, Main Thread] WARNING: JSWindowActorChild::SendRawMessage (Conduits, ConduitClosed) not sent: !CanSend() || !mManager || !mManager->CanSend(): file /build/firefox-DxjVTE/firefox-113.0.2+build1/dom/ipc/jsactor/JSWindowActorChild.cpp:57
[Child 3599, Main Thread] WARNING: JSWindowActorChild::SendRawMessage (Conduits, ConduitClosed) not sent: !CanSend() || !mManager || !mManager->CanSend(): file /build/firefox-DxjVTE/firefox-113.0.2+build1/dom/ipc/jsactor/JSWindowActorChild.cpp:57
[Child 3599, Main Thread] WARNING: JSWindowActorChild::SendRawMessage (Conduits, ConduitClosed) not sent: !CanSend() || !mManager || !mManager->CanSend(): file /build/firefox-DxjVTE/firefox-113.0.2+build1/dom/ipc/jsactor/JSWindowActorChild.cpp:57
[Child 3599, Main Thread] WARNING: JSWindowActorChild::SendRawMessage (Conduits, ConduitClosed) not sent: !CanSend() || !mManager || !mManager->CanSend(): file /build/firefox-DxjVTE/firefox-113.0.2+build1/dom/ipc/jsactor/JSWindowActorChild.cpp:57
[Child 3599, Main Thread] WARNING: JSWindowActorChild::SendRawMessage (Conduits, ConduitClosed) not sent: !CanSend() || !mManager || !mManager->CanSend(): file /build/firefox-DxjVTE/firefox-113.0.2+build1/dom/ipc/jsactor/JSWindowActorChild.cpp:57
1692350903328	geckodriver	INFO	Listening on 127.0.0.1:43615
1692350903332	mozrunner::runner	INFO	Running command: MOZ_CRASHREPORTER="1" MOZ_CRASHREPORTER_NO_REPORT="1" MOZ_CRASHREPORTER_SHUTDOWN="1" MOZ_NO_REMOTE="1" "/usr ... te" "--remote-debugging-port" "56511" "--remote-allow-hosts" "localhost" "-no-remote" "-profile" "/tmp/rust_mozprofileV80KQR"
console.warn: services.settings: Ignoring preference override of remote settings server
console.warn: services.settings: Allow by setting MOZ_REMOTE_SETTINGS_DEVTOOLS=1 in the environment
ATTENTION: default value of option mesa_glthread overridden by environment.
ATTENTION: default value of option mesa_glthread overridden by environment.
ATTENTION: default value of option mesa_glthread overridden by environment.
ATTENTION: default value of option mesa_glthread overridden by environment.
1692350903962	Marionette	INFO	Marionette enabled
1692350903965	Marionette	INFO	Listening on port 34621
Read port: 34621
WebDriver BiDi listening on ws://127.0.0.1:56511
1692350904076	RemoteAgent	WARN	TLS certificate errors will be ignored for this session
console.error: ({})
[ERROR glean_core] Error setting metrics feature config: Json(Error("EOF while parsing a value", line: 1, column: 0))
DevTools listening on ws://127.0.0.1:56511/devtools/browser/238b3cfe-c3c3-4ff4-ac77-71f70a045427
console.warn: LoginRecipes: "Falling back to a synchronous message for: http://165.22.217.185."
console.warn: LoginRecipes: "Falling back to a synchronous message for: http://165.22.217.185."
[Child 3926, Main Thread] WARNING: JSWindowActorChild::SendRawMessage (Conduits, ConduitClosed) not sent: !CanSend() || !mManager || !mManager->CanSend(): file /build/firefox-DxjVTE/firefox-113.0.2+build1/dom/ipc/jsactor/JSWindowActorChild.cpp:57
[Child 3926, Main Thread] WARNING: JSWindowActorChild::SendRawMessage (Conduits, ConduitClosed) not sent: !CanSend() || !mManager || !mManager->CanSend(): file /build/firefox-DxjVTE/firefox-113.0.2+build1/dom/ipc/jsactor/JSWindowActorChild.cpp:57
[Child 3926, Main Thread] WARNING: JSWindowActorChild::SendRawMessage (Conduits, ConduitClosed) not sent: !CanSend() || !mManager || !mManager->CanSend(): file /build/firefox-DxjVTE/firefox-113.0.2+build1/dom/ipc/jsactor/JSWindowActorChild.cpp:57
[Child 3926, Main Thread] WARNING: JSWindowActorChild::SendRawMessage (Conduits, ConduitClosed) not sent: !CanSend() || !mManager || !mManager->CanSend(): file /build/firefox-DxjVTE/firefox-113.0.2+build1/dom/ipc/jsactor/JSWindowActorChild.cpp:57
[Child 3926, Main Thread] WARNING: JSWindowActorChild::SendRawMessage (Conduits, ConduitClosed) not sent: !CanSend() || !mManager || !mManager->CanSend(): file /build/firefox-DxjVTE/firefox-113.0.2+build1/dom/ipc/jsactor/JSWindowActorChild.cpp:57
[Child 3926, Main Thread] WARNING: JSWindowActorChild::SendRawMessage (Conduits, ConduitClosed) not sent: !CanSend() || !mManager || !mManager->CanSend(): file /build/firefox-DxjVTE/firefox-113.0.2+build1/dom/ipc/jsactor/JSWindowActorChild.cpp:57
[Child 3926, Main Thread] WARNING: JSWindowActorChild::SendRawMessage (Conduits, ConduitClosed) not sent: !CanSend() || !mManager || !mManager->CanSend(): file /build/firefox-DxjVTE/firefox-113.0.2+build1/dom/ipc/jsactor/JSWindowActorChild.cpp:57
[Child 3926, Main Thread] WARNING: JSWindowActorChild::SendRawMessage (Conduits, ConduitClosed) not sent: !CanSend() || !mManager || !mManager->CanSend(): file /build/firefox-DxjVTE/firefox-113.0.2+build1/dom/ipc/jsactor/JSWindowActorChild.cpp:57
1692350913474	Marionette	INFO	Stopped listening on port 34621
1692350967924	geckodriver	INFO	Listening on 127.0.0.1:35987
1692350967928	mozrunner::runner	INFO	Running command: MOZ_CRASHREPORTER="1" MOZ_CRASHREPORTER_NO_REPORT="1" MOZ_CRASHREPORTER_SHUTDOWN="1" MOZ_NO_REMOTE="1" "/usr ... te" "--remote-debugging-port" "54899" "--remote-allow-hosts" "localhost" "-no-remote" "-profile" "/tmp/rust_mozprofileVhIUZ2"
console.warn: services.settings: Ignoring preference override of remote settings server
console.warn: services.settings: Allow by setting MOZ_REMOTE_SETTINGS_DEVTOOLS=1 in the environment
ATTENTION: default value of option mesa_glthread overridden by environment.
ATTENTION: default value of option mesa_glthread overridden by environment.
ATTENTION: default value of option mesa_glthread overridden by environment.
ATTENTION: default value of option mesa_glthread overridden by environment.
1692350968560	Marionette	INFO	Marionette enabled
1692350968563	Marionette	INFO	Listening on port 45631
Read port: 45631
WebDriver BiDi listening on ws://127.0.0.1:54899
1692350968674	RemoteAgent	WARN	TLS certificate errors will be ignored for this session
console.error: ({})
[ERROR glean_core] Error setting metrics feature config: Json(Error("EOF while parsing a value", line: 1, column: 0))
DevTools listening on ws://127.0.0.1:54899/devtools/browser/8c607005-5b1e-4f27-9f3c-856ccef2bd75
console.warn: LoginRecipes: "Falling back to a synchronous message for: http://165.22.217.185."
console.warn: LoginRecipes: "Falling back to a synchronous message for: http://165.22.217.185."
1692350978032	Marionette	INFO	Stopped listening on port 45631
[Child 4252, Main Thread] WARNING: JSWindowActorChild::SendRawMessage (Conduits, ConduitClosed) not sent: !CanSend() || !mManager || !mManager->CanSend(): file /build/firefox-DxjVTE/firefox-113.0.2+build1/dom/ipc/jsactor/JSWindowActorChild.cpp:57
[Child 4252, Main Thread] WARNING: JSWindowActorChild::SendRawMessage (Conduits, ConduitClosed) not sent: !CanSend() || !mManager || !mManager->CanSend(): file /build/firefox-DxjVTE/firefox-113.0.2+build1/dom/ipc/jsactor/JSWindowActorChild.cpp:57
[Child 4252, Main Thread] WARNING: JSWindowActorChild::SendRawMessage (Conduits, ConduitClosed) not sent: !CanSend() || !mManager || !mManager->CanSend(): file /build/firefox-DxjVTE/firefox-113.0.2+build1/dom/ipc/jsactor/JSWindowActorChild.cpp:57
[Child 4252, Main Thread] WARNING: JSWindowActorChild::SendRawMessage (Conduits, ConduitClosed) not sent: !CanSend() || !mManager || !mManager->CanSend(): file /build/firefox-DxjVTE/firefox-113.0.2+build1/dom/ipc/jsactor/JSWindowActorChild.cpp:57
[Child 4252, Main Thread] WARNING: JSWindowActorChild::SendRawMessage (Conduits, ConduitClosed) not sent: !CanSend() || !mManager || !mManager->CanSend(): file /build/firefox-DxjVTE/firefox-113.0.2+build1/dom/ipc/jsactor/JSWindowActorChild.cpp:57
[Child 4252, Main Thread] WARNING: JSWindowActorChild::SendRawMessage (Conduits, ConduitClosed) not sent: !CanSend() || !mManager || !mManager->CanSend(): file /build/firefox-DxjVTE/firefox-113.0.2+build1/dom/ipc/jsactor/JSWindowActorChild.cpp:57
[Child 4252, Main Thread] WARNING: JSWindowActorChild::SendRawMessage (Conduits, ConduitClosed) not sent: !CanSend() || !mManager || !mManager->CanSend(): file /build/firefox-DxjVTE/firefox-113.0.2+build1/dom/ipc/jsactor/JSWindowActorChild.cpp:57
[Child 4252, Main Thread] WARNING: JSWindowActorChild::SendRawMessage (Conduits, ConduitClosed) not sent: !CanSend() || !mManager || !mManager->CanSend(): file /build/firefox-DxjVTE/firefox-113.0.2+build1/dom/ipc/jsactor/JSWindowActorChild.cpp:57
[Child 4341, Main Thread] WARNING: JSWindowActorChild::SendRawMessage (MarionetteCommands, MarionetteCommandsParent:executeScript) not sent: !CanSend() || !mManager || !mManager->CanSend(): file /build/firefox-DxjVTE/firefox-113.0.2+build1/dom/ipc/jsactor/JSWindowActorChild.cpp:57
JavaScript error: resource://gre/modules/Prompter.sys.mjs, line 1192: NS_ERROR_NOT_AVAILABLE: prompt aborted by user
1692350992232	geckodriver	INFO	Listening on 127.0.0.1:44921
1692350992236	mozrunner::runner	INFO	Running command: MOZ_CRASHREPORTER="1" MOZ_CRASHREPORTER_NO_REPORT="1" MOZ_CRASHREPORTER_SHUTDOWN="1" MOZ_NO_REMOTE="1" "/usr ... te" "--remote-debugging-port" "59483" "--remote-allow-hosts" "localhost" "-no-remote" "-profile" "/tmp/rust_mozprofilevrfxAB"
console.warn: services.settings: Ignoring preference override of remote settings server
console.warn: services.settings: Allow by setting MOZ_REMOTE_SETTINGS_DEVTOOLS=1 in the environment
ATTENTION: default value of option mesa_glthread overridden by environment.
ATTENTION: default value of option mesa_glthread overridden by environment.
ATTENTION: default value of option mesa_glthread overridden by environment.
ATTENTION: default value of option mesa_glthread overridden by environment.
1692350992855	Marionette	INFO	Marionette enabled
1692350992858	Marionette	INFO	Listening on port 38437
WebDriver BiDi listening on ws://127.0.0.1:59483
Read port: 38437
1692350993084	RemoteAgent	WARN	TLS certificate errors will be ignored for this session
console.error: ({})
[ERROR glean_core] Error setting metrics feature config: Json(Error("EOF while parsing a value", line: 1, column: 0))
DevTools listening on ws://127.0.0.1:59483/devtools/browser/0bced857-afcc-4346-b66d-1bae9fcf05ac
console.warn: LoginRecipes: "Falling back to a synchronous message for: http://165.22.217.185."
console.warn: LoginRecipes: "Falling back to a synchronous message for: http://165.22.217.185."
1692351005194	Marionette	INFO	Stopped listening on port 38437
[Child 4581, Main Thread] WARNING: JSWindowActorChild::SendRawMessage (Conduits, ConduitClosed) not sent: !CanSend() || !mManager || !mManager->CanSend(): file /build/firefox-DxjVTE/firefox-113.0.2+build1/dom/ipc/jsactor/JSWindowActorChild.cpp:57
[Child 4581, Main Thread] WARNING: JSWindowActorChild::SendRawMessage (Conduits, ConduitClosed) not sent: !CanSend() || !mManager || !mManager->CanSend(): file /build/firefox-DxjVTE/firefox-113.0.2+build1/dom/ipc/jsactor/JSWindowActorChild.cpp:57
[Child 4581, Main Thread] WARNING: JSWindowActorChild::SendRawMessage (Conduits, ConduitClosed) not sent: !CanSend() || !mManager || !mManager->CanSend(): file /build/firefox-DxjVTE/firefox-113.0.2+build1/dom/ipc/jsactor/JSWindowActorChild.cpp:57
[Child 4581, Main Thread] WARNING: JSWindowActorChild::SendRawMessage (Conduits, ConduitClosed) not sent: !CanSend() || !mManager || !mManager->CanSend(): file /build/firefox-DxjVTE/firefox-113.0.2+build1/dom/ipc/jsactor/JSWindowActorChild.cpp:57
[Child 4581, Main Thread] WARNING: JSWindowActorChild::SendRawMessage (Conduits, ConduitClosed) not sent: !CanSend() || !mManager || !mManager->CanSend(): file /build/firefox-DxjVTE/firefox-113.0.2+build1/dom/ipc/jsactor/JSWindowActorChild.cpp:57
[Child 4581, Main Thread] WARNING: JSWindowActorChild::SendRawMessage (Conduits, ConduitClosed) not sent: !CanSend() || !mManager || !mManager->CanSend(): file /build/firefox-DxjVTE/firefox-113.0.2+build1/dom/ipc/jsactor/JSWindowActorChild.cpp:57
[Child 4581, Main Thread] WARNING: JSWindowActorChild::SendRawMessage (Conduits, ConduitClosed) not sent: !CanSend() || !mManager || !mManager->CanSend(): file /build/firefox-DxjVTE/firefox-113.0.2+build1/dom/ipc/jsactor/JSWindowActorChild.cpp:57
[Child 4581, Main Thread] WARNING: JSWindowActorChild::SendRawMessage (Conduits, ConduitClosed) not sent: !CanSend() || !mManager || !mManager->CanSend(): file /build/firefox-DxjVTE/firefox-113.0.2+build1/dom/ipc/jsactor/JSWindowActorChild.cpp:57
[Child 4679, Main Thread] WARNING: JSWindowActorChild::SendRawMessage (MarionetteCommands, MarionetteCommandsParent:executeScript) not sent: !CanSend() || !mManager || !mManager->CanSend(): file /build/firefox-DxjVTE/firefox-113.0.2+build1/dom/ipc/jsactor/JSWindowActorChild.cpp:57
JavaScript error: resource://gre/modules/Prompter.sys.mjs, line 1192: NS_ERROR_NOT_AVAILABLE: prompt aborted by user
1692351110305	geckodriver	INFO	Listening on 127.0.0.1:58019
1692351110309	mozrunner::runner	INFO	Running command: MOZ_CRASHREPORTER="1" MOZ_CRASHREPORTER_NO_REPORT="1" MOZ_CRASHREPORTER_SHUTDOWN="1" MOZ_NO_REMOTE="1" "/usr ... te" "--remote-debugging-port" "47739" "--remote-allow-hosts" "localhost" "-no-remote" "-profile" "/tmp/rust_mozprofileTQgCJK"
console.warn: services.settings: Ignoring preference override of remote settings server
console.warn: services.settings: Allow by setting MOZ_REMOTE_SETTINGS_DEVTOOLS=1 in the environment
ATTENTION: default value of option mesa_glthread overridden by environment.
ATTENTION: default value of option mesa_glthread overridden by environment.
ATTENTION: default value of option mesa_glthread overridden by environment.
ATTENTION: default value of option mesa_glthread overridden by environment.
1692351110904	Marionette	INFO	Marionette enabled
1692351110907	Marionette	INFO	Listening on port 33399
Read port: 33399
WebDriver BiDi listening on ws://127.0.0.1:47739
1692351111000	RemoteAgent	WARN	TLS certificate errors will be ignored for this session
console.error: ({})
[ERROR glean_core] Error setting metrics feature config: Json(Error("EOF while parsing a value", line: 1, column: 0))
DevTools listening on ws://127.0.0.1:47739/devtools/browser/15964b34-d788-4409-a1fd-c1dd06855073
console.warn: LoginRecipes: "Falling back to a synchronous message for: http://165.22.217.185."
1692351123365	Marionette	INFO	Stopped listening on port 33399
[Child 5216, Main Thread] WARNING: JSWindowActorChild::SendRawMessage (Conduits, ConduitClosed) not sent: !CanSend() || !mManager || !mManager->CanSend(): file /build/firefox-DxjVTE/firefox-113.0.2+build1/dom/ipc/jsactor/JSWindowActorChild.cpp:57
[Child 5216, Main Thread] WARNING: JSWindowActorChild::SendRawMessage (Conduits, ConduitClosed) not sent: !CanSend() || !mManager || !mManager->CanSend(): file /build/firefox-DxjVTE/firefox-113.0.2+build1/dom/ipc/jsactor/JSWindowActorChild.cpp:57
[Child 5216, Main Thread] WARNING: JSWindowActorChild::SendRawMessage (Conduits, ConduitClosed) not sent: !CanSend() || !mManager || !mManager->CanSend(): file /build/firefox-DxjVTE/firefox-113.0.2+build1/dom/ipc/jsactor/JSWindowActorChild.cpp:57
[Child 5216, Main Thread] WARNING: JSWindowActorChild::SendRawMessage (Conduits, ConduitClosed) not sent: !CanSend() || !mManager || !mManager->CanSend(): file /build/firefox-DxjVTE/firefox-113.0.2+build1/dom/ipc/jsactor/JSWindowActorChild.cpp:57
[Child 5216, Main Thread] WARNING: JSWindowActorChild::SendRawMessage (Conduits, ConduitClosed) not sent: !CanSend() || !mManager || !mManager->CanSend(): file /build/firefox-DxjVTE/firefox-113.0.2+build1/dom/ipc/jsactor/JSWindowActorChild.cpp:57
[Child 5216, Main Thread] WARNING: JSWindowActorChild::SendRawMessage (Conduits, ConduitClosed) not sent: !CanSend() || !mManager || !mManager->CanSend(): file /build/firefox-DxjVTE/firefox-113.0.2+build1/dom/ipc/jsactor/JSWindowActorChild.cpp:57
[Child 5216, Main Thread] WARNING: JSWindowActorChild::SendRawMessage (Conduits, ConduitClosed) not sent: !CanSend() || !mManager || !mManager->CanSend(): file /build/firefox-DxjVTE/firefox-113.0.2+build1/dom/ipc/jsactor/JSWindowActorChild.cpp:57
[Child 5216, Main Thread] WARNING: JSWindowActorChild::SendRawMessage (Conduits, ConduitClosed) not sent: !CanSend() || !mManager || !mManager->CanSend(): file /build/firefox-DxjVTE/firefox-113.0.2+build1/dom/ipc/jsactor/JSWindowActorChild.cpp:57
1692351136124	geckodriver	INFO	Listening on 127.0.0.1:37921
1692351136128	mozrunner::runner	INFO	Running command: MOZ_CRASHREPORTER="1" MOZ_CRASHREPORTER_NO_REPORT="1" MOZ_CRASHREPORTER_SHUTDOWN="1" MOZ_NO_REMOTE="1" "/usr ... te" "--remote-debugging-port" "34865" "--remote-allow-hosts" "localhost" "-no-remote" "-profile" "/tmp/rust_mozprofileZ9WHEV"
console.warn: services.settings: Ignoring preference override of remote settings server
console.warn: services.settings: Allow by setting MOZ_REMOTE_SETTINGS_DEVTOOLS=1 in the environment
ATTENTION: default value of option mesa_glthread overridden by environment.
ATTENTION: default value of option mesa_glthread overridden by environment.
ATTENTION: default value of option mesa_glthread overridden by environment.
ATTENTION: default value of option mesa_glthread overridden by environment.
1692351136704	Marionette	INFO	Marionette enabled
1692351136708	Marionette	INFO	Listening on port 33207
Read port: 33207
WebDriver BiDi listening on ws://127.0.0.1:34865
1692351136801	RemoteAgent	WARN	TLS certificate errors will be ignored for this session
console.error: ({})
[ERROR glean_core] Error setting metrics feature config: Json(Error("EOF while parsing a value", line: 1, column: 0))
DevTools listening on ws://127.0.0.1:34865/devtools/browser/92aa4219-2ee6-4349-85e2-75f336e8724b
console.warn: LoginRecipes: "Falling back to a synchronous message for: http://165.22.217.185."
1692351150199	Marionette	INFO	Stopped listening on port 33207
[Child 5601, Main Thread] WARNING: JSWindowActorChild::SendRawMessage (Conduits, ConduitClosed) not sent: !CanSend() || !mManager || !mManager->CanSend(): file /build/firefox-DxjVTE/firefox-113.0.2+build1/dom/ipc/jsactor/JSWindowActorChild.cpp:57
[Child 5601, Main Thread] WARNING: JSWindowActorChild::SendRawMessage (Conduits, ConduitClosed) not sent: !CanSend() || !mManager || !mManager->CanSend(): file /build/firefox-DxjVTE/firefox-113.0.2+build1/dom/ipc/jsactor/JSWindowActorChild.cpp:57
[Child 5601, Main Thread] WARNING: JSWindowActorChild::SendRawMessage (Conduits, ConduitClosed) not sent: !CanSend() || !mManager || !mManager->CanSend(): file /build/firefox-DxjVTE/firefox-113.0.2+build1/dom/ipc/jsactor/JSWindowActorChild.cpp:57
[Child 5601, Main Thread] WARNING: JSWindowActorChild::SendRawMessage (Conduits, ConduitClosed) not sent: !CanSend() || !mManager || !mManager->CanSend(): file /build/firefox-DxjVTE/firefox-113.0.2+build1/dom/ipc/jsactor/JSWindowActorChild.cpp:57
[Child 5601, Main Thread] WARNING: JSWindowActorChild::SendRawMessage (Conduits, ConduitClosed) not sent: !CanSend() || !mManager || !mManager->CanSend(): file /build/firefox-DxjVTE/firefox-113.0.2+build1/dom/ipc/jsactor/JSWindowActorChild.cpp:57
[Child 5601, Main Thread] WARNING: JSWindowActorChild::SendRawMessage (Conduits, ConduitClosed) not sent: !CanSend() || !mManager || !mManager->CanSend(): file /build/firefox-DxjVTE/firefox-113.0.2+build1/dom/ipc/jsactor/JSWindowActorChild.cpp:57
[Child 5601, Main Thread] WARNING: JSWindowActorChild::SendRawMessage (Conduits, ConduitClosed) not sent: !CanSend() || !mManager || !mManager->CanSend(): file /build/firefox-DxjVTE/firefox-113.0.2+build1/dom/ipc/jsactor/JSWindowActorChild.cpp:57
[Child 5601, Main Thread] WARNING: JSWindowActorChild::SendRawMessage (Conduits, ConduitClosed) not sent: !CanSend() || !mManager || !mManager->CanSend(): file /build/firefox-DxjVTE/firefox-113.0.2+build1/dom/ipc/jsactor/JSWindowActorChild.cpp:57
1692351257100	geckodriver	INFO	Listening on 127.0.0.1:45003
1692351257104	mozrunner::runner	INFO	Running command: MOZ_CRASHREPORTER="1" MOZ_CRASHREPORTER_NO_REPORT="1" MOZ_CRASHREPORTER_SHUTDOWN="1" MOZ_NO_REMOTE="1" "/usr ... te" "--remote-debugging-port" "47687" "--remote-allow-hosts" "localhost" "-no-remote" "-profile" "/tmp/rust_mozprofileHPS3Vz"
console.warn: services.settings: Ignoring preference override of remote settings server
console.warn: services.settings: Allow by setting MOZ_REMOTE_SETTINGS_DEVTOOLS=1 in the environment
ATTENTION: default value of option mesa_glthread overridden by environment.
ATTENTION: default value of option mesa_glthread overridden by environment.
ATTENTION: default value of option mesa_glthread overridden by environment.
ATTENTION: default value of option mesa_glthread overridden by environment.
1692351257683	Marionette	INFO	Marionette enabled
1692351257686	Marionette	INFO	Listening on port 33191
Read port: 33191
WebDriver BiDi listening on ws://127.0.0.1:47687
1692351257780	RemoteAgent	WARN	TLS certificate errors will be ignored for this session
console.error: ({})
[ERROR glean_core] Error setting metrics feature config: Json(Error("EOF while parsing a value", line: 1, column: 0))
DevTools listening on ws://127.0.0.1:47687/devtools/browser/a80b7201-1b0f-41d4-98bb-74fc5b4ed89a
console.warn: LoginRecipes: "Falling back to a synchronous message for: http://165.22.217.185."
console.warn: LoginRecipes: "Falling back to a synchronous message for: http://165.22.217.185."
1692351270132	Marionette	INFO	Stopped listening on port 33191
[Child 6083, Main Thread] WARNING: JSWindowActorChild::SendRawMessage (Conduits, ConduitClosed) not sent: !CanSend() || !mManager || !mManager->CanSend(): file /build/firefox-DxjVTE/firefox-113.0.2+build1/dom/ipc/jsactor/JSWindowActorChild.cpp:57
[Child 6083, Main Thread] WARNING: JSWindowActorChild::SendRawMessage (Conduits, ConduitClosed) not sent: !CanSend() || !mManager || !mManager->CanSend(): file /build/firefox-DxjVTE/firefox-113.0.2+build1/dom/ipc/jsactor/JSWindowActorChild.cpp:57
[Child 6083, Main Thread] WARNING: JSWindowActorChild::SendRawMessage (Conduits, ConduitClosed) not sent: !CanSend() || !mManager || !mManager->CanSend(): file /build/firefox-DxjVTE/firefox-113.0.2+build1/dom/ipc/jsactor/JSWindowActorChild.cpp:57
[Child 6083, Main Thread] WARNING: JSWindowActorChild::SendRawMessage (Conduits, ConduitClosed) not sent: !CanSend() || !mManager || !mManager->CanSend(): file /build/firefox-DxjVTE/firefox-113.0.2+build1/dom/ipc/jsactor/JSWindowActorChild.cpp:57
[Child 6083, Main Thread] WARNING: JSWindowActorChild::SendRawMessage (Conduits, ConduitClosed) not sent: !CanSend() || !mManager || !mManager->CanSend(): file /build/firefox-DxjVTE/firefox-113.0.2+build1/dom/ipc/jsactor/JSWindowActorChild.cpp:57
[Child 6083, Main Thread] WARNING: JSWindowActorChild::SendRawMessage (Conduits, ConduitClosed) not sent: !CanSend() || !mManager || !mManager->CanSend(): file /build/firefox-DxjVTE/firefox-113.0.2+build1/dom/ipc/jsactor/JSWindowActorChild.cpp:57
[Child 6083, Main Thread] WARNING: JSWindowActorChild::SendRawMessage (Conduits, ConduitClosed) not sent: !CanSend() || !mManager || !mManager->CanSend(): file /build/firefox-DxjVTE/firefox-113.0.2+build1/dom/ipc/jsactor/JSWindowActorChild.cpp:57
[Child 6083, Main Thread] WARNING: JSWindowActorChild::SendRawMessage (Conduits, ConduitClosed) not sent: !CanSend() || !mManager || !mManager->CanSend(): file /build/firefox-DxjVTE/firefox-113.0.2+build1/dom/ipc/jsactor/JSWindowActorChild.cpp:57
[Child 6173, Main Thread] WARNING: JSWindowActorChild::SendRawMessage (MarionetteCommands, MarionetteCommandsParent:executeScript) not sent: !CanSend() || !mManager || !mManager->CanSend(): file /build/firefox-DxjVTE/firefox-113.0.2+build1/dom/ipc/jsactor/JSWindowActorChild.cpp:57
JavaScript error: resource://gre/modules/Prompter.sys.mjs, line 1192: NS_ERROR_NOT_AVAILABLE: prompt aborted by user
1692351306240	geckodriver	INFO	Listening on 127.0.0.1:54629
1692351306244	mozrunner::runner	INFO	Running command: MOZ_CRASHREPORTER="1" MOZ_CRASHREPORTER_NO_REPORT="1" MOZ_CRASHREPORTER_SHUTDOWN="1" MOZ_NO_REMOTE="1" "/usr ... te" "--remote-debugging-port" "54253" "--remote-allow-hosts" "localhost" "-no-remote" "-profile" "/tmp/rust_mozprofileA0gnEj"
console.warn: services.settings: Ignoring preference override of remote settings server
console.warn: services.settings: Allow by setting MOZ_REMOTE_SETTINGS_DEVTOOLS=1 in the environment
ATTENTION: default value of option mesa_glthread overridden by environment.
ATTENTION: default value of option mesa_glthread overridden by environment.
ATTENTION: default value of option mesa_glthread overridden by environment.
ATTENTION: default value of option mesa_glthread overridden by environment.
1692351306863	Marionette	INFO	Marionette enabled
1692351306866	Marionette	INFO	Listening on port 35373
WebDriver BiDi listening on ws://127.0.0.1:54253
Read port: 35373
1692351307059	RemoteAgent	WARN	TLS certificate errors will be ignored for this session
console.error: ({})
[ERROR glean_core] Error setting metrics feature config: Json(Error("EOF while parsing a value", line: 1, column: 0))
DevTools listening on ws://127.0.0.1:54253/devtools/browser/8ed43637-5571-4569-94d0-12033ed5f1d3
console.warn: LoginRecipes: "Falling back to a synchronous message for: http://165.22.217.185."
console.warn: LoginRecipes: "Falling back to a synchronous message for: http://165.22.217.185."
1692351321338	Marionette	INFO	Stopped listening on port 35373
[Child 6412, Main Thread] WARNING: JSWindowActorChild::SendRawMessage (Conduits, ConduitClosed) not sent: !CanSend() || !mManager || !mManager->CanSend(): file /build/firefox-DxjVTE/firefox-113.0.2+build1/dom/ipc/jsactor/JSWindowActorChild.cpp:57
[Child 6412, Main Thread] WARNING: JSWindowActorChild::SendRawMessage (Conduits, ConduitClosed) not sent: !CanSend() || !mManager || !mManager->CanSend(): file /build/firefox-DxjVTE/firefox-113.0.2+build1/dom/ipc/jsactor/JSWindowActorChild.cpp:57
[Child 6412, Main Thread] WARNING: JSWindowActorChild::SendRawMessage (Conduits, ConduitClosed) not sent: !CanSend() || !mManager || !mManager->CanSend(): file /build/firefox-DxjVTE/firefox-113.0.2+build1/dom/ipc/jsactor/JSWindowActorChild.cpp:57
[Child 6412, Main Thread] WARNING: JSWindowActorChild::SendRawMessage (Conduits, ConduitClosed) not sent: !CanSend() || !mManager || !mManager->CanSend(): file /build/firefox-DxjVTE/firefox-113.0.2+build1/dom/ipc/jsactor/JSWindowActorChild.cpp:57
[Child 6412, Main Thread] WARNING: JSWindowActorChild::SendRawMessage (Conduits, ConduitClosed) not sent: !CanSend() || !mManager || !mManager->CanSend(): file /build/firefox-DxjVTE/firefox-113.0.2+build1/dom/ipc/jsactor/JSWindowActorChild.cpp:57
[Child 6412, Main Thread] WARNING: JSWindowActorChild::SendRawMessage (Conduits, ConduitClosed) not sent: !CanSend() || !mManager || !mManager->CanSend(): file /build/firefox-DxjVTE/firefox-113.0.2+build1/dom/ipc/jsactor/JSWindowActorChild.cpp:57
[Child 6412, Main Thread] WARNING: JSWindowActorChild::SendRawMessage (Conduits, ConduitClosed) not sent: !CanSend() || !mManager || !mManager->CanSend(): file /build/firefox-DxjVTE/firefox-113.0.2+build1/dom/ipc/jsactor/JSWindowActorChild.cpp:57
[Child 6412, Main Thread] WARNING: JSWindowActorChild::SendRawMessage (Conduits, ConduitClosed) not sent: !CanSend() || !mManager || !mManager->CanSend(): file /build/firefox-DxjVTE/firefox-113.0.2+build1/dom/ipc/jsactor/JSWindowActorChild.cpp:57
[Child 6501, Main Thread] WARNING: JSWindowActorChild::SendRawMessage (MarionetteCommands, MarionetteCommandsParent:executeScript) not sent: !CanSend() || !mManager || !mManager->CanSend(): file /build/firefox-DxjVTE/firefox-113.0.2+build1/dom/ipc/jsactor/JSWindowActorChild.cpp:57
JavaScript error: resource://gre/modules/Prompter.sys.mjs, line 1192: NS_ERROR_NOT_AVAILABLE: prompt aborted by user
1692351347108	geckodriver	INFO	Listening on 127.0.0.1:48705
1692351347112	mozrunner::runner	INFO	Running command: MOZ_CRASHREPORTER="1" MOZ_CRASHREPORTER_NO_REPORT="1" MOZ_CRASHREPORTER_SHUTDOWN="1" MOZ_NO_REMOTE="1" "/usr ... te" "--remote-debugging-port" "55391" "--remote-allow-hosts" "localhost" "-no-remote" "-profile" "/tmp/rust_mozprofileCieguE"
console.warn: services.settings: Ignoring preference override of remote settings server
console.warn: services.settings: Allow by setting MOZ_REMOTE_SETTINGS_DEVTOOLS=1 in the environment
ATTENTION: default value of option mesa_glthread overridden by environment.
ATTENTION: default value of option mesa_glthread overridden by environment.
ATTENTION: default value of option mesa_glthread overridden by environment.
ATTENTION: default value of option mesa_glthread overridden by environment.
1692351347770	Marionette	INFO	Marionette enabled
1692351347774	Marionette	INFO	Listening on port 41731
Read port: 41731
WebDriver BiDi listening on ws://127.0.0.1:55391
1692351347865	RemoteAgent	WARN	TLS certificate errors will be ignored for this session
console.error: ({})
[ERROR glean_core] Error setting metrics feature config: Json(Error("EOF while parsing a value", line: 1, column: 0))
DevTools listening on ws://127.0.0.1:55391/devtools/browser/8eaad213-df70-4aa9-8d0f-ca15cadf3d2a
console.warn: LoginRecipes: "Falling back to a synchronous message for: http://165.22.217.185."
console.warn: LoginRecipes: "Falling back to a synchronous message for: http://165.22.217.185."
1692351359162	Marionette	INFO	Stopped listening on port 41731
[Child 6748, Main Thread] WARNING: JSWindowActorChild::SendRawMessage (Conduits, ConduitClosed) not sent: !CanSend() || !mManager || !mManager->CanSend(): file /build/firefox-DxjVTE/firefox-113.0.2+build1/dom/ipc/jsactor/JSWindowActorChild.cpp:57
[Child 6748, Main Thread] WARNING: JSWindowActorChild::SendRawMessage (Conduits, ConduitClosed) not sent: !CanSend() || !mManager || !mManager->CanSend(): file /build/firefox-DxjVTE/firefox-113.0.2+build1/dom/ipc/jsactor/JSWindowActorChild.cpp:57
[Child 6748, Main Thread] WARNING: JSWindowActorChild::SendRawMessage (Conduits, ConduitClosed) not sent: !CanSend() || !mManager || !mManager->CanSend(): file /build/firefox-DxjVTE/firefox-113.0.2+build1/dom/ipc/jsactor/JSWindowActorChild.cpp:57
[Child 6748, Main Thread] WARNING: JSWindowActorChild::SendRawMessage (Conduits, ConduitClosed) not sent: !CanSend() || !mManager || !mManager->CanSend(): file /build/firefox-DxjVTE/firefox-113.0.2+build1/dom/ipc/jsactor/JSWindowActorChild.cpp:57
[Child 6748, Main Thread] WARNING: JSWindowActorChild::SendRawMessage (Conduits, ConduitClosed) not sent: !CanSend() || !mManager || !mManager->CanSend(): file /build/firefox-DxjVTE/firefox-113.0.2+build1/dom/ipc/jsactor/JSWindowActorChild.cpp:57
[Child 6748, Main Thread] WARNING: JSWindowActorChild::SendRawMessage (Conduits, ConduitClosed) not sent: !CanSend() || !mManager || !mManager->CanSend(): file /build/firefox-DxjVTE/firefox-113.0.2+build1/dom/ipc/jsactor/JSWindowActorChild.cpp:57
[Child 6748, Main Thread] WARNING: JSWindowActorChild::SendRawMessage (Conduits, ConduitClosed) not sent: !CanSend() || !mManager || !mManager->CanSend(): file /build/firefox-DxjVTE/firefox-113.0.2+build1/dom/ipc/jsactor/JSWindowActorChild.cpp:57
[Child 6748, Main Thread] WARNING: JSWindowActorChild::SendRawMessage (Conduits, ConduitClosed) not sent: !CanSend() || !mManager || !mManager->CanSend(): file /build/firefox-DxjVTE/firefox-113.0.2+build1/dom/ipc/jsactor/JSWindowActorChild.cpp:57
