1692853876876	geckodriver	INFO	Listening on 127.0.0.1:59647
1692853876889	mozrunner::runner	INFO	Running command: MOZ_CRASHREPORTER="1" MOZ_CRASHREPORTER_NO_REPORT="1" MOZ_CRASHREPORTER_SHUTDOWN="1" MOZ_NO_REMOTE="1" "/usr ... te" "--remote-debugging-port" "44705" "--remote-allow-hosts" "localhost" "-no-remote" "-profile" "/tmp/rust_mozprofilem1o0uj"
console.warn: services.settings: Ignoring preference override of remote settings server
console.warn: services.settings: Allow by setting MOZ_REMOTE_SETTINGS_DEVTOOLS=1 in the environment
ATTENTION: default value of option mesa_glthread overridden by environment.
ATTENTION: default value of option mesa_glthread overridden by environment.
ATTENTION: default value of option mesa_glthread overridden by environment.
ATTENTION: default value of option mesa_glthread overridden by environment.
1692853877633	Marionette	INFO	Marionette enabled
1692853877637	Marionette	INFO	Listening on port 45951
Read port: 45951
WebDriver BiDi listening on ws://127.0.0.1:44705
1692853877750	RemoteAgent	WARN	TLS certificate errors will be ignored for this session
console.error: ({})
[ERROR glean_core] Error setting metrics feature config: Json(Error("EOF while parsing a value", line: 1, column: 0))
DevTools listening on ws://127.0.0.1:44705/devtools/browser/489be6e2-ffa0-40a8-a7a2-8a05d9a79354
[Child 29996, Main Thread] WARNING: JSWindowActorChild::SendRawMessage (Conduits, ConduitClosed) not sent: !CanSend() || !mManager || !mManager->CanSend(): file /build/firefox-DxjVTE/firefox-113.0.2+build1/dom/ipc/jsactor/JSWindowActorChild.cpp:57
[Child 29996, Main Thread] WARNING: JSWindowActorChild::SendRawMessage (Conduits, ConduitClosed) not sent: !CanSend() || !mManager || !mManager->CanSend(): file /build/firefox-DxjVTE/firefox-113.0.2+build1/dom/ipc/jsactor/JSWindowActorChild.cpp:57
[Child 29996, Main Thread] WARNING: JSWindowActorChild::SendRawMessage (Conduits, ConduitClosed) not sent: !CanSend() || !mManager || !mManager->CanSend(): file /build/firefox-DxjVTE/firefox-113.0.2+build1/dom/ipc/jsactor/JSWindowActorChild.cpp:57
[Child 29996, Main Thread] WARNING: JSWindowActorChild::SendRawMessage (Conduits, ConduitClosed) not sent: !CanSend() || !mManager || !mManager->CanSend(): file /build/firefox-DxjVTE/firefox-113.0.2+build1/dom/ipc/jsactor/JSWindowActorChild.cpp:57
[Child 29996, Main Thread] WARNING: JSWindowActorChild::SendRawMessage (Conduits, ConduitClosed) not sent: !CanSend() || !mManager || !mManager->CanSend(): file /build/firefox-DxjVTE/firefox-113.0.2+build1/dom/ipc/jsactor/JSWindowActorChild.cpp:57
[Child 29996, Main Thread] WARNING: JSWindowActorChild::SendRawMessage (Conduits, ConduitClosed) not sent: !CanSend() || !mManager || !mManager->CanSend(): file /build/firefox-DxjVTE/firefox-113.0.2+build1/dom/ipc/jsactor/JSWindowActorChild.cpp:57
[Child 29996, Main Thread] WARNING: JSWindowActorChild::SendRawMessage (Conduits, ConduitClosed) not sent: !CanSend() || !mManager || !mManager->CanSend(): file /build/firefox-DxjVTE/firefox-113.0.2+build1/dom/ipc/jsactor/JSWindowActorChild.cpp:57
[Child 29996, Main Thread] WARNING: JSWindowActorChild::SendRawMessage (Conduits, ConduitClosed) not sent: !CanSend() || !mManager || !mManager->CanSend(): file /build/firefox-DxjVTE/firefox-113.0.2+build1/dom/ipc/jsactor/JSWindowActorChild.cpp:57
1692853889200	Marionette	INFO	Stopped listening on port 45951
1692853901327	geckodriver	INFO	Listening on 127.0.0.1:42369
1692853901331	mozrunner::runner	INFO	Running command: MOZ_CRASHREPORTER="1" MOZ_CRASHREPORTER_NO_REPORT="1" MOZ_CRASHREPORTER_SHUTDOWN="1" MOZ_NO_REMOTE="1" "/usr ... te" "--remote-debugging-port" "43727" "--remote-allow-hosts" "localhost" "-no-remote" "-profile" "/tmp/rust_mozprofilegDCg50"
console.warn: services.settings: Ignoring preference override of remote settings server
console.warn: services.settings: Allow by setting MOZ_REMOTE_SETTINGS_DEVTOOLS=1 in the environment
ATTENTION: default value of option mesa_glthread overridden by environment.
ATTENTION: default value of option mesa_glthread overridden by environment.
ATTENTION: default value of option mesa_glthread overridden by environment.
ATTENTION: default value of option mesa_glthread overridden by environment.
1692853901938	Marionette	INFO	Marionette enabled
1692853901942	Marionette	INFO	Listening on port 42257
WebDriver BiDi listening on ws://127.0.0.1:43727
Read port: 42257
1692853902166	RemoteAgent	WARN	TLS certificate errors will be ignored for this session
console.error: ({})
[ERROR glean_core] Error setting metrics feature config: Json(Error("EOF while parsing a value", line: 1, column: 0))
DevTools listening on ws://127.0.0.1:43727/devtools/browser/5dc596c0-080c-4707-9f91-28371fade72d
[Child 30345, Main Thread] WARNING: JSWindowActorChild::SendRawMessage (Conduits, ConduitClosed) not sent: !CanSend() || !mManager || !mManager->CanSend(): file /build/firefox-DxjVTE/firefox-113.0.2+build1/dom/ipc/jsactor/JSWindowActorChild.cpp:57
[Child 30345, Main Thread] WARNING: JSWindowActorChild::SendRawMessage (Conduits, ConduitClosed) not sent: !CanSend() || !mManager || !mManager->CanSend(): file /build/firefox-DxjVTE/firefox-113.0.2+build1/dom/ipc/jsactor/JSWindowActorChild.cpp:57
[Child 30345, Main Thread] WARNING: JSWindowActorChild::SendRawMessage (Conduits, ConduitClosed) not sent: !CanSend() || !mManager || !mManager->CanSend(): file /build/firefox-DxjVTE/firefox-113.0.2+build1/dom/ipc/jsactor/JSWindowActorChild.cpp:57
[Child 30345, Main Thread] WARNING: JSWindowActorChild::SendRawMessage (Conduits, ConduitClosed) not sent: !CanSend() || !mManager || !mManager->CanSend(): file /build/firefox-DxjVTE/firefox-113.0.2+build1/dom/ipc/jsactor/JSWindowActorChild.cpp:57
[Child 30345, Main Thread] WARNING: JSWindowActorChild::SendRawMessage (Conduits, ConduitClosed) not sent: !CanSend() || !mManager || !mManager->CanSend(): file /build/firefox-DxjVTE/firefox-113.0.2+build1/dom/ipc/jsactor/JSWindowActorChild.cpp:57
[Child 30345, Main Thread] WARNING: JSWindowActorChild::SendRawMessage (Conduits, ConduitClosed) not sent: !CanSend() || !mManager || !mManager->CanSend(): file /build/firefox-DxjVTE/firefox-113.0.2+build1/dom/ipc/jsactor/JSWindowActorChild.cpp:57
[Child 30345, Main Thread] WARNING: JSWindowActorChild::SendRawMessage (Conduits, ConduitClosed) not sent: !CanSend() || !mManager || !mManager->CanSend(): file /build/firefox-DxjVTE/firefox-113.0.2+build1/dom/ipc/jsactor/JSWindowActorChild.cpp:57
[Child 30345, Main Thread] WARNING: JSWindowActorChild::SendRawMessage (Conduits, ConduitClosed) not sent: !CanSend() || !mManager || !mManager->CanSend(): file /build/firefox-DxjVTE/firefox-113.0.2+build1/dom/ipc/jsactor/JSWindowActorChild.cpp:57
1692853912561	Marionette	INFO	Stopped listening on port 42257
1692853952287	geckodriver	INFO	Listening on 127.0.0.1:36597
1692853952290	mozrunner::runner	INFO	Running command: MOZ_CRASHREPORTER="1" MOZ_CRASHREPORTER_NO_REPORT="1" MOZ_CRASHREPORTER_SHUTDOWN="1" MOZ_NO_REMOTE="1" "/usr ... te" "--remote-debugging-port" "49409" "--remote-allow-hosts" "localhost" "-no-remote" "-profile" "/tmp/rust_mozprofile8MSL1N"
console.warn: services.settings: Ignoring preference override of remote settings server
console.warn: services.settings: Allow by setting MOZ_REMOTE_SETTINGS_DEVTOOLS=1 in the environment
ATTENTION: default value of option mesa_glthread overridden by environment.
ATTENTION: default value of option mesa_glthread overridden by environment.
ATTENTION: default value of option mesa_glthread overridden by environment.
ATTENTION: default value of option mesa_glthread overridden by environment.
1692853952957	Marionette	INFO	Marionette enabled
1692853952961	Marionette	INFO	Listening on port 40825
Read port: 40825
WebDriver BiDi listening on ws://127.0.0.1:49409
1692853953053	RemoteAgent	WARN	TLS certificate errors will be ignored for this session
console.error: ({})
[ERROR glean_core] Error setting metrics feature config: Json(Error("EOF while parsing a value", line: 1, column: 0))
DevTools listening on ws://127.0.0.1:49409/devtools/browser/17628673-5265-423f-9a7b-bb4ead561d09
console.warn: LoginRecipes: "Falling back to a synchronous message for: http://165.22.217.185."
console.warn: LoginRecipes: "Falling back to a synchronous message for: http://165.22.217.185."
[Child 30757, Main Thread] WARNING: JSWindowActorChild::SendRawMessage (Conduits, ConduitClosed) not sent: !CanSend() || !mManager || !mManager->CanSend(): file /build/firefox-DxjVTE/firefox-113.0.2+build1/dom/ipc/jsactor/JSWindowActorChild.cpp:57
[Child 30757, Main Thread] WARNING: JSWindowActorChild::SendRawMessage (Conduits, ConduitClosed) not sent: !CanSend() || !mManager || !mManager->CanSend(): file /build/firefox-DxjVTE/firefox-113.0.2+build1/dom/ipc/jsactor/JSWindowActorChild.cpp:57
[Child 30757, Main Thread] WARNING: JSWindowActorChild::SendRawMessage (Conduits, ConduitClosed) not sent: !CanSend() || !mManager || !mManager->CanSend(): file /build/firefox-DxjVTE/firefox-113.0.2+build1/dom/ipc/jsactor/JSWindowActorChild.cpp:57
[Child 30757, Main Thread] WARNING: JSWindowActorChild::SendRawMessage (Conduits, ConduitClosed) not sent: !CanSend() || !mManager || !mManager->CanSend(): file /build/firefox-DxjVTE/firefox-113.0.2+build1/dom/ipc/jsactor/JSWindowActorChild.cpp:57
[Child 30757, Main Thread] WARNING: JSWindowActorChild::SendRawMessage (Conduits, ConduitClosed) not sent: !CanSend() || !mManager || !mManager->CanSend(): file /build/firefox-DxjVTE/firefox-113.0.2+build1/dom/ipc/jsactor/JSWindowActorChild.cpp:57
[Child 30757, Main Thread] WARNING: JSWindowActorChild::SendRawMessage (Conduits, ConduitClosed) not sent: !CanSend() || !mManager || !mManager->CanSend(): file /build/firefox-DxjVTE/firefox-113.0.2+build1/dom/ipc/jsactor/JSWindowActorChild.cpp:57
[Child 30757, Main Thread] WARNING: JSWindowActorChild::SendRawMessage (Conduits, ConduitClosed) not sent: !CanSend() || !mManager || !mManager->CanSend(): file /build/firefox-DxjVTE/firefox-113.0.2+build1/dom/ipc/jsactor/JSWindowActorChild.cpp:57
[Child 30757, Main Thread] WARNING: JSWindowActorChild::SendRawMessage (Conduits, ConduitClosed) not sent: !CanSend() || !mManager || !mManager->CanSend(): file /build/firefox-DxjVTE/firefox-113.0.2+build1/dom/ipc/jsactor/JSWindowActorChild.cpp:57
1692853966251	Marionette	INFO	Stopped listening on port 40825
1692854119195	geckodriver	INFO	Listening on 127.0.0.1:50893
1692854119199	mozrunner::runner	INFO	Running command: MOZ_CRASHREPORTER="1" MOZ_CRASHREPORTER_NO_REPORT="1" MOZ_CRASHREPORTER_SHUTDOWN="1" MOZ_NO_REMOTE="1" "/usr ... te" "--remote-debugging-port" "53843" "--remote-allow-hosts" "localhost" "-no-remote" "-profile" "/tmp/rust_mozprofilep50MWd"
console.warn: services.settings: Ignoring preference override of remote settings server
console.warn: services.settings: Allow by setting MOZ_REMOTE_SETTINGS_DEVTOOLS=1 in the environment
ATTENTION: default value of option mesa_glthread overridden by environment.
ATTENTION: default value of option mesa_glthread overridden by environment.
ATTENTION: default value of option mesa_glthread overridden by environment.
ATTENTION: default value of option mesa_glthread overridden by environment.
1692854119769	Marionette	INFO	Marionette enabled
1692854119772	Marionette	INFO	Listening on port 36253
Read port: 36253
WebDriver BiDi listening on ws://127.0.0.1:53843
1692854119866	RemoteAgent	WARN	TLS certificate errors will be ignored for this session
console.error: ({})
[ERROR glean_core] Error setting metrics feature config: Json(Error("EOF while parsing a value", line: 1, column: 0))
DevTools listening on ws://127.0.0.1:53843/devtools/browser/fda44cdd-c45a-4722-b70d-9cf29a697d86
console.warn: LoginRecipes: "Falling back to a synchronous message for: http://165.22.217.185."
console.warn: LoginRecipes: "Falling back to a synchronous message for: http://165.22.217.185."
[Child 31970, Main Thread] WARNING: JSWindowActorChild::SendRawMessage (Conduits, ConduitClosed) not sent: !CanSend() || !mManager || !mManager->CanSend(): file /build/firefox-DxjVTE/firefox-113.0.2+build1/dom/ipc/jsactor/JSWindowActorChild.cpp:57
[Child 31970, Main Thread] WARNING: JSWindowActorChild::SendRawMessage (Conduits, ConduitClosed) not sent: !CanSend() || !mManager || !mManager->CanSend(): file /build/firefox-DxjVTE/firefox-113.0.2+build1/dom/ipc/jsactor/JSWindowActorChild.cpp:57
[Child 31970, Main Thread] WARNING: JSWindowActorChild::SendRawMessage (Conduits, ConduitClosed) not sent: !CanSend() || !mManager || !mManager->CanSend(): file /build/firefox-DxjVTE/firefox-113.0.2+build1/dom/ipc/jsactor/JSWindowActorChild.cpp:57
[Child 31970, Main Thread] WARNING: JSWindowActorChild::SendRawMessage (Conduits, ConduitClosed) not sent: !CanSend() || !mManager || !mManager->CanSend(): file /build/firefox-DxjVTE/firefox-113.0.2+build1/dom/ipc/jsactor/JSWindowActorChild.cpp:57
[Child 31970, Main Thread] WARNING: JSWindowActorChild::SendRawMessage (Conduits, ConduitClosed) not sent: !CanSend() || !mManager || !mManager->CanSend(): file /build/firefox-DxjVTE/firefox-113.0.2+build1/dom/ipc/jsactor/JSWindowActorChild.cpp:57
[Child 31970, Main Thread] WARNING: JSWindowActorChild::SendRawMessage (Conduits, ConduitClosed) not sent: !CanSend() || !mManager || !mManager->CanSend(): file /build/firefox-DxjVTE/firefox-113.0.2+build1/dom/ipc/jsactor/JSWindowActorChild.cpp:57
[Child 31970, Main Thread] WARNING: JSWindowActorChild::SendRawMessage (Conduits, ConduitClosed) not sent: !CanSend() || !mManager || !mManager->CanSend(): file /build/firefox-DxjVTE/firefox-113.0.2+build1/dom/ipc/jsactor/JSWindowActorChild.cpp:57
[Child 31970, Main Thread] WARNING: JSWindowActorChild::SendRawMessage (Conduits, ConduitClosed) not sent: !CanSend() || !mManager || !mManager->CanSend(): file /build/firefox-DxjVTE/firefox-113.0.2+build1/dom/ipc/jsactor/JSWindowActorChild.cpp:57
1692854133195	Marionette	INFO	Stopped listening on port 36253
1692858215898	geckodriver	INFO	Listening on 127.0.0.1:45205
1692858215913	mozrunner::runner	INFO	Running command: MOZ_CRASHREPORTER="1" MOZ_CRASHREPORTER_NO_REPORT="1" MOZ_CRASHREPORTER_SHUTDOWN="1" MOZ_NO_REMOTE="1" "/usr ... te" "--remote-debugging-port" "46935" "--remote-allow-hosts" "localhost" "-no-remote" "-profile" "/tmp/rust_mozprofileDwJE8U"
console.warn: services.settings: Ignoring preference override of remote settings server
console.warn: services.settings: Allow by setting MOZ_REMOTE_SETTINGS_DEVTOOLS=1 in the environment
ATTENTION: default value of option mesa_glthread overridden by environment.
ATTENTION: default value of option mesa_glthread overridden by environment.
ATTENTION: default value of option mesa_glthread overridden by environment.
ATTENTION: default value of option mesa_glthread overridden by environment.
1692858216529	Marionette	INFO	Marionette enabled
1692858216532	Marionette	INFO	Listening on port 40337
WebDriver BiDi listening on ws://127.0.0.1:46935
Read port: 40337
1692858216760	RemoteAgent	WARN	TLS certificate errors will be ignored for this session
console.error: ({})
[ERROR glean_core] Error setting metrics feature config: Json(Error("EOF while parsing a value", line: 1, column: 0))
DevTools listening on ws://127.0.0.1:46935/devtools/browser/17218d9c-4399-43ac-b918-269417d0b1c3
console.warn: LoginRecipes: "Falling back to a synchronous message for: http://165.22.217.185."
console.error: "update.locale" " file doesn't exist in either the application or GRE directories"
1692858265035	geckodriver	INFO	Listening on 127.0.0.1:34401
1692858265039	mozrunner::runner	INFO	Running command: MOZ_CRASHREPORTER="1" MOZ_CRASHREPORTER_NO_REPORT="1" MOZ_CRASHREPORTER_SHUTDOWN="1" MOZ_NO_REMOTE="1" "/usr ... te" "--remote-debugging-port" "40431" "--remote-allow-hosts" "localhost" "-no-remote" "-profile" "/tmp/rust_mozprofileD7UKmb"
console.warn: services.settings: Ignoring preference override of remote settings server
console.warn: services.settings: Allow by setting MOZ_REMOTE_SETTINGS_DEVTOOLS=1 in the environment
ATTENTION: default value of option mesa_glthread overridden by environment.
ATTENTION: default value of option mesa_glthread overridden by environment.
ATTENTION: default value of option mesa_glthread overridden by environment.
ATTENTION: default value of option mesa_glthread overridden by environment.
1692858265671	Marionette	INFO	Marionette enabled
1692858265675	Marionette	INFO	Listening on port 44189
Read port: 44189
WebDriver BiDi listening on ws://127.0.0.1:40431
1692858265784	RemoteAgent	WARN	TLS certificate errors will be ignored for this session
console.error: ({})
[ERROR glean_core] Error setting metrics feature config: Json(Error("EOF while parsing a value", line: 1, column: 0))
DevTools listening on ws://127.0.0.1:40431/devtools/browser/eaf8630c-a025-4493-a12d-c10407571934
console.error: "update.locale" " file doesn't exist in either the application or GRE directories"
1692858363143	geckodriver	INFO	Listening on 127.0.0.1:42239
1692858363147	mozrunner::runner	INFO	Running command: MOZ_CRASHREPORTER="1" MOZ_CRASHREPORTER_NO_REPORT="1" MOZ_CRASHREPORTER_SHUTDOWN="1" MOZ_NO_REMOTE="1" "/usr ... te" "--remote-debugging-port" "60085" "--remote-allow-hosts" "localhost" "-no-remote" "-profile" "/tmp/rust_mozprofilePUSkPe"
console.warn: services.settings: Ignoring preference override of remote settings server
console.warn: services.settings: Allow by setting MOZ_REMOTE_SETTINGS_DEVTOOLS=1 in the environment
ATTENTION: default value of option mesa_glthread overridden by environment.
ATTENTION: default value of option mesa_glthread overridden by environment.
ATTENTION: default value of option mesa_glthread overridden by environment.
ATTENTION: default value of option mesa_glthread overridden by environment.
1692858363760	Marionette	INFO	Marionette enabled
1692858363764	Marionette	INFO	Listening on port 44295
WebDriver BiDi listening on ws://127.0.0.1:60085
Read port: 44295
1692858364003	RemoteAgent	WARN	TLS certificate errors will be ignored for this session
console.error: ({})
[ERROR glean_core] Error setting metrics feature config: Json(Error("EOF while parsing a value", line: 1, column: 0))
DevTools listening on ws://127.0.0.1:60085/devtools/browser/a697bb2a-5701-4beb-b6aa-bdfd542c46e5
console.warn: LoginRecipes: "Falling back to a synchronous message for: http://165.22.217.185."
console.error: "update.locale" " file doesn't exist in either the application or GRE directories"
[Child 8530, Main Thread] WARNING: JSWindowActorChild::SendRawMessage (Conduits, ConduitClosed) not sent: !CanSend() || !mManager || !mManager->CanSend(): file /build/firefox-DxjVTE/firefox-113.0.2+build1/dom/ipc/jsactor/JSWindowActorChild.cpp:57
[Child 8530, Main Thread] WARNING: JSWindowActorChild::SendRawMessage (Conduits, ConduitClosed) not sent: !CanSend() || !mManager || !mManager->CanSend(): file /build/firefox-DxjVTE/firefox-113.0.2+build1/dom/ipc/jsactor/JSWindowActorChild.cpp:57
[Child 8530, Main Thread] WARNING: JSWindowActorChild::SendRawMessage (Conduits, ConduitClosed) not sent: !CanSend() || !mManager || !mManager->CanSend(): file /build/firefox-DxjVTE/firefox-113.0.2+build1/dom/ipc/jsactor/JSWindowActorChild.cpp:57
[Child 8530, Main Thread] WARNING: JSWindowActorChild::SendRawMessage (Conduits, ConduitClosed) not sent: !CanSend() || !mManager || !mManager->CanSend(): file /build/firefox-DxjVTE/firefox-113.0.2+build1/dom/ipc/jsactor/JSWindowActorChild.cpp:57
[Child 8530, Main Thread] WARNING: JSWindowActorChild::SendRawMessage (Conduits, ConduitClosed) not sent: !CanSend() || !mManager || !mManager->CanSend(): file /build/firefox-DxjVTE/firefox-113.0.2+build1/dom/ipc/jsactor/JSWindowActorChild.cpp:57
[Child 8530, Main Thread] WARNING: JSWindowActorChild::SendRawMessage (Conduits, ConduitClosed) not sent: !CanSend() || !mManager || !mManager->CanSend(): file /build/firefox-DxjVTE/firefox-113.0.2+build1/dom/ipc/jsactor/JSWindowActorChild.cpp:57
[Child 8530, Main Thread] WARNING: JSWindowActorChild::SendRawMessage (Conduits, ConduitClosed) not sent: !CanSend() || !mManager || !mManager->CanSend(): file /build/firefox-DxjVTE/firefox-113.0.2+build1/dom/ipc/jsactor/JSWindowActorChild.cpp:57
[Child 8530, Main Thread] WARNING: JSWindowActorChild::SendRawMessage (Conduits, ConduitClosed) not sent: !CanSend() || !mManager || !mManager->CanSend(): file /build/firefox-DxjVTE/firefox-113.0.2+build1/dom/ipc/jsactor/JSWindowActorChild.cpp:57
[Child 8530, Main Thread] WARNING: JSWindowActorChild::SendRawMessage (Conduits, ConduitClosed) not sent: !CanSend() || !mManager || !mManager->CanSend(): file /build/firefox-DxjVTE/firefox-113.0.2+build1/dom/ipc/jsactor/JSWindowActorChild.cpp:57
1692858459483	Marionette	INFO	Stopped listening on port 44295
1692858463078	geckodriver	INFO	Listening on 127.0.0.1:41367
1692858463082	mozrunner::runner	INFO	Running command: MOZ_CRASHREPORTER="1" MOZ_CRASHREPORTER_NO_REPORT="1" MOZ_CRASHREPORTER_SHUTDOWN="1" MOZ_NO_REMOTE="1" "/usr ... te" "--remote-debugging-port" "39361" "--remote-allow-hosts" "localhost" "-no-remote" "-profile" "/tmp/rust_mozprofileXdlql1"
console.warn: services.settings: Ignoring preference override of remote settings server
console.warn: services.settings: Allow by setting MOZ_REMOTE_SETTINGS_DEVTOOLS=1 in the environment
ATTENTION: default value of option mesa_glthread overridden by environment.
ATTENTION: default value of option mesa_glthread overridden by environment.
ATTENTION: default value of option mesa_glthread overridden by environment.
ATTENTION: default value of option mesa_glthread overridden by environment.
1692858463688	Marionette	INFO	Marionette enabled
1692858463691	Marionette	INFO	Listening on port 36613
WebDriver BiDi listening on ws://127.0.0.1:39361
Read port: 36613
1692858463925	RemoteAgent	WARN	TLS certificate errors will be ignored for this session
console.error: ({})
[ERROR glean_core] Error setting metrics feature config: Json(Error("EOF while parsing a value", line: 1, column: 0))
DevTools listening on ws://127.0.0.1:39361/devtools/browser/2a767a37-4831-4489-b681-d9f4d5399627
console.warn: LoginRecipes: "Falling back to a synchronous message for: http://165.22.217.185."
console.error: "update.locale" " file doesn't exist in either the application or GRE directories"
[Child 9042, Main Thread] WARNING: JSWindowActorChild::SendRawMessage (Conduits, ConduitClosed) not sent: !CanSend() || !mManager || !mManager->CanSend(): file /build/firefox-DxjVTE/firefox-113.0.2+build1/dom/ipc/jsactor/JSWindowActorChild.cpp:57
[Child 9042, Main Thread] WARNING: JSWindowActorChild::SendRawMessage (Conduits, ConduitClosed) not sent: !CanSend() || !mManager || !mManager->CanSend(): file /build/firefox-DxjVTE/firefox-113.0.2+build1/dom/ipc/jsactor/JSWindowActorChild.cpp:57
[Child 9042, Main Thread] WARNING: JSWindowActorChild::SendRawMessage (Conduits, ConduitClosed) not sent: !CanSend() || !mManager || !mManager->CanSend(): file /build/firefox-DxjVTE/firefox-113.0.2+build1/dom/ipc/jsactor/JSWindowActorChild.cpp:57
[Child 9042, Main Thread] WARNING: JSWindowActorChild::SendRawMessage (Conduits, ConduitClosed) not sent: !CanSend() || !mManager || !mManager->CanSend(): file /build/firefox-DxjVTE/firefox-113.0.2+build1/dom/ipc/jsactor/JSWindowActorChild.cpp:57
[Child 9042, Main Thread] WARNING: JSWindowActorChild::SendRawMessage (Conduits, ConduitClosed) not sent: !CanSend() || !mManager || !mManager->CanSend(): file /build/firefox-DxjVTE/firefox-113.0.2+build1/dom/ipc/jsactor/JSWindowActorChild.cpp:57
[Child 9042, Main Thread] WARNING: JSWindowActorChild::SendRawMessage (Conduits, ConduitClosed) not sent: !CanSend() || !mManager || !mManager->CanSend(): file /build/firefox-DxjVTE/firefox-113.0.2+build1/dom/ipc/jsactor/JSWindowActorChild.cpp:57
[Child 9042, Main Thread] WARNING: JSWindowActorChild::SendRawMessage (Conduits, ConduitClosed) not sent: !CanSend() || !mManager || !mManager->CanSend(): file /build/firefox-DxjVTE/firefox-113.0.2+build1/dom/ipc/jsactor/JSWindowActorChild.cpp:57
[Child 9042, Main Thread] WARNING: JSWindowActorChild::SendRawMessage (Conduits, ConduitClosed) not sent: !CanSend() || !mManager || !mManager->CanSend(): file /build/firefox-DxjVTE/firefox-113.0.2+build1/dom/ipc/jsactor/JSWindowActorChild.cpp:57
[Child 9042, Main Thread] WARNING: JSWindowActorChild::SendRawMessage (Conduits, ConduitClosed) not sent: !CanSend() || !mManager || !mManager->CanSend(): file /build/firefox-DxjVTE/firefox-113.0.2+build1/dom/ipc/jsactor/JSWindowActorChild.cpp:57
1692858495177	Marionette	INFO	Stopped listening on port 36613
console.error: services.settings: 
  main/fxmonitor-breaches Signature failed  TypeError: NetworkError: Network request failed
console.error: services.settings: 
  Message: NetworkError: Network error: TypeError: NetworkError: Network request failed
  Stack:
    APIError@resource://services-settings/RemoteSettingsClient.sys.mjs:111:1
NetworkError@resource://services-settings/RemoteSettingsClient.sys.mjs:115:5
_adjustedError@resource://services-settings/RemoteSettingsClient.sys.mjs:911:14
maybeSync@resource://services-settings/RemoteSettingsClient.sys.mjs:816:38

console.warn: services.settings: main/search-config sync interrupted by shutdown
console.warn: services.settings: main/search-telemetry-v2 sync interrupted by shutdown
console.warn: services.settings: security-state/cert-revocations sync interrupted by shutdown
console.warn: services.settings: security-state/intermediates sync interrupted by shutdown
console.warn: services.settings: security-state/onecrl sync interrupted by shutdown
console.error: (new NetworkError("Network error: TypeError: NetworkError: Network request failed", "resource://services-settings/RemoteSettingsClient.sys.mjs", 111))
[Child 8184, Main Thread] WARNING: JSWindowActorChild::SendRawMessage (Conduits, ConduitClosed) not sent: !CanSend() || !mManager || !mManager->CanSend(): file /build/firefox-DxjVTE/firefox-113.0.2+build1/dom/ipc/jsactor/JSWindowActorChild.cpp:57
[Child 8184, Main Thread] WARNING: JSWindowActorChild::SendRawMessage (Conduits, ConduitClosed) not sent: !CanSend() || !mManager || !mManager->CanSend(): file /build/firefox-DxjVTE/firefox-113.0.2+build1/dom/ipc/jsactor/JSWindowActorChild.cpp:57
[Child 8184, Main Thread] WARNING: JSWindowActorChild::SendRawMessage (Conduits, ConduitClosed) not sent: !CanSend() || !mManager || !mManager->CanSend(): file /build/firefox-DxjVTE/firefox-113.0.2+build1/dom/ipc/jsactor/JSWindowActorChild.cpp:57
[Child 8184, Main Thread] WARNING: JSWindowActorChild::SendRawMessage (Conduits, ConduitClosed) not sent: !CanSend() || !mManager || !mManager->CanSend(): file /build/firefox-DxjVTE/firefox-113.0.2+build1/dom/ipc/jsactor/JSWindowActorChild.cpp:57
[Child 8184, Main Thread] WARNING: JSWindowActorChild::SendRawMessage (Conduits, ConduitClosed) not sent: !CanSend() || !mManager || !mManager->CanSend(): file /build/firefox-DxjVTE/firefox-113.0.2+build1/dom/ipc/jsactor/JSWindowActorChild.cpp:57
[Child 8184, Main Thread] WARNING: JSWindowActorChild::SendRawMessage (Conduits, ConduitClosed) not sent: !CanSend() || !mManager || !mManager->CanSend(): file /build/firefox-DxjVTE/firefox-113.0.2+build1/dom/ipc/jsactor/JSWindowActorChild.cpp:57
[Child 8184, Main Thread] WARNING: JSWindowActorChild::SendRawMessage (Conduits, ConduitClosed) not sent: !CanSend() || !mManager || !mManager->CanSend(): file /build/firefox-DxjVTE/firefox-113.0.2+build1/dom/ipc/jsactor/JSWindowActorChild.cpp:57
[Child 8184, Main Thread] WARNING: JSWindowActorChild::SendRawMessage (Conduits, ConduitClosed) not sent: !CanSend() || !mManager || !mManager->CanSend(): file /build/firefox-DxjVTE/firefox-113.0.2+build1/dom/ipc/jsactor/JSWindowActorChild.cpp:57
[Child 8184, Main Thread] WARNING: JSWindowActorChild::SendRawMessage (Conduits, ConduitClosed) not sent: !CanSend() || !mManager || !mManager->CanSend(): file /build/firefox-DxjVTE/firefox-113.0.2+build1/dom/ipc/jsactor/JSWindowActorChild.cpp:57
1692858645539	Marionette	INFO	Stopped listening on port 44189
[Child 7849, Main Thread] WARNING: JSWindowActorChild::SendRawMessage (Conduits, ConduitClosed) not sent: !CanSend() || !mManager || !mManager->CanSend(): file /build/firefox-DxjVTE/firefox-113.0.2+build1/dom/ipc/jsactor/JSWindowActorChild.cpp:57
[Child 7849, Main Thread] WARNING: JSWindowActorChild::SendRawMessage (Conduits, ConduitClosed) not sent: !CanSend() || !mManager || !mManager->CanSend(): file /build/firefox-DxjVTE/firefox-113.0.2+build1/dom/ipc/jsactor/JSWindowActorChild.cpp:57
[Child 7849, Main Thread] WARNING: JSWindowActorChild::SendRawMessage (Conduits, ConduitClosed) not sent: !CanSend() || !mManager || !mManager->CanSend(): file /build/firefox-DxjVTE/firefox-113.0.2+build1/dom/ipc/jsactor/JSWindowActorChild.cpp:57
[Child 7849, Main Thread] WARNING: JSWindowActorChild::SendRawMessage (Conduits, ConduitClosed) not sent: !CanSend() || !mManager || !mManager->CanSend(): file /build/firefox-DxjVTE/firefox-113.0.2+build1/dom/ipc/jsactor/JSWindowActorChild.cpp:57
[Child 7849, Main Thread] WARNING: JSWindowActorChild::SendRawMessage (Conduits, ConduitClosed) not sent: !CanSend() || !mManager || !mManager->CanSend(): file /build/firefox-DxjVTE/firefox-113.0.2+build1/dom/ipc/jsactor/JSWindowActorChild.cpp:57
[Child 7849, Main Thread] WARNING: JSWindowActorChild::SendRawMessage (Conduits, ConduitClosed) not sent: !CanSend() || !mManager || !mManager->CanSend(): file /build/firefox-DxjVTE/firefox-113.0.2+build1/dom/ipc/jsactor/JSWindowActorChild.cpp:57
[Child 7849, Main Thread] WARNING: JSWindowActorChild::SendRawMessage (Conduits, ConduitClosed) not sent: !CanSend() || !mManager || !mManager->CanSend(): file /build/firefox-DxjVTE/firefox-113.0.2+build1/dom/ipc/jsactor/JSWindowActorChild.cpp:57
[Child 7849, Main Thread] WARNING: JSWindowActorChild::SendRawMessage (Conduits, ConduitClosed) not sent: !CanSend() || !mManager || !mManager->CanSend(): file /build/firefox-DxjVTE/firefox-113.0.2+build1/dom/ipc/jsactor/JSWindowActorChild.cpp:57
[Child 7849, Main Thread] WARNING: JSWindowActorChild::SendRawMessage (Conduits, ConduitClosed) not sent: !CanSend() || !mManager || !mManager->CanSend(): file /build/firefox-DxjVTE/firefox-113.0.2+build1/dom/ipc/jsactor/JSWindowActorChild.cpp:57
1692858646801	Marionette	INFO	Stopped listening on port 40337
Sandbox: Unexpected EOF, op 0 flags 00 path /proc/cpuinfo
